[debug] [2020-04-11T00:21:25.373Z] ----------------------------------------------------------------------
[debug] [2020-04-11T00:21:25.375Z] Command:       C:\Program Files\nodejs\node.exe C:\Users\Nallely\AppData\Roaming\npm\node_modules\firebase-tools\lib\bin\firebase.js init
[debug] [2020-04-11T00:21:25.376Z] CLI Version:   8.0.2
[debug] [2020-04-11T00:21:25.376Z] Platform:      win32
[debug] [2020-04-11T00:21:25.376Z] Node Version:  v12.14.1
[debug] [2020-04-11T00:21:25.378Z] Time:          Fri Apr 10 2020 19:21:25 GMT-0500 (GMT-05:00)
[debug] [2020-04-11T00:21:25.379Z] ----------------------------------------------------------------------
[debug] [2020-04-11T00:21:25.379Z] 
[debug] [2020-04-11T00:21:25.390Z] > command requires scopes: ["email","openid","https://www.googleapis.com/auth/cloudplatformprojects.readonly","https://www.googleapis.com/auth/firebase","https://www.googleapis.com/auth/cloud-platform"]
[debug] [2020-04-11T00:21:25.391Z] > authorizing via signed-in user
[info] 
     ######## #### ########  ######## ########     ###     ######  ########
     ##        ##  ##     ## ##       ##     ##  ##   ##  ##       ##
     ######    ##  ########  ######   ########  #########  ######  ######
     ##        ##  ##    ##  ##       ##     ## ##     ##       ## ##
     ##       #### ##     ## ######## ########  ##     ##  ######  ########

You're about to initialize a Firebase project in this directory:

  C:\Users\Nallely\Documents\Laboratoria\CDMX009-Social-Network

Before we get started, keep in mind:

  * You are initializing in an existing Firebase project directory

[debug] [2020-04-11T03:08:40.096Z] ----------------------------------------------------------------------
[debug] [2020-04-11T03:08:40.098Z] Command:       C:\Program Files\nodejs\node.exe C:\Users\Nallely\AppData\Roaming\npm\node_modules\firebase-tools\lib\bin\firebase.js init
[debug] [2020-04-11T03:08:40.099Z] CLI Version:   8.0.2
[debug] [2020-04-11T03:08:40.099Z] Platform:      win32
[debug] [2020-04-11T03:08:40.099Z] Node Version:  v12.14.1
[debug] [2020-04-11T03:08:40.100Z] Time:          Fri Apr 10 2020 22:08:40 GMT-0500 (GMT-05:00)
[debug] [2020-04-11T03:08:40.101Z] ----------------------------------------------------------------------
[debug] [2020-04-11T03:08:40.101Z] 
[debug] [2020-04-11T03:08:40.108Z] > command requires scopes: ["email","openid","https://www.googleapis.com/auth/cloudplatformprojects.readonly","https://www.googleapis.com/auth/firebase","https://www.googleapis.com/auth/cloud-platform"]
[debug] [2020-04-11T03:08:40.109Z] > authorizing via signed-in user
[info] 
     ######## #### ########  ######## ########     ###     ######  ########
     ##        ##  ##     ## ##       ##     ##  ##   ##  ##       ##
     ######    ##  ########  ######   ########  #########  ######  ######
     ##        ##  ##    ##  ##       ##     ## ##     ##       ## ##
     ##       #### ##     ## ######## ########  ##     ##  ######  ########

You're about to initialize a Firebase project in this directory:

  C:\Users\Nallely\Documents\Laboratoria\CDMX009-Social-Network

Before we get started, keep in mind:

  * You are initializing in an existing Firebase project directory

