[2020-04-15 08:15:12.569] [main] [info] update#setState idle
[2020-04-15 08:15:42.570] [main] [info] update#setState checking for updates
[2020-04-15 08:15:42.696] [main] [info] update#setState idle
[2020-04-15 09:15:42.573] [main] [info] update#setState checking for updates
[2020-04-15 09:15:43.052] [main] [info] update#setState idle
[2020-04-15 10:15:42.579] [main] [info] update#setState checking for updates
[2020-04-15 10:15:42.897] [main] [info] update#setState idle
[2020-04-15 11:15:42.582] [main] [info] update#setState checking for updates
[2020-04-15 11:15:42.930] [main] [info] update#setState idle
[2020-04-15 12:15:42.588] [main] [info] update#setState checking for updates
[2020-04-15 12:15:43.042] [main] [info] update#setState idle
[2020-04-15 13:15:42.591] [main] [info] update#setState checking for updates
[2020-04-15 13:15:42.869] [main] [info] update#setState idle
[2020-04-15 16:30:42.862] [main] [info] update#setState checking for updates
[2020-04-15 16:30:42.927] [main] [error] Error: net::ERR_NETWORK_IO_SUSPENDED
    at SimpleURLLoaderWrapper.<anonymous> (electron/js2c/browser_init.js:2623:21)
    at SimpleURLLoaderWrapper.emit (events.js:203:13)
[2020-04-15 16:30:42.927] [main] [info] update#setState idle
[2020-04-15 17:30:27.761] [main] [info] update#setState checking for updates
[2020-04-15 17:30:34.152] [main] [info] update#setState idle
