[2020-04-09 17:54:57.665] [exthost] [info] extension host started
[2020-04-09 17:54:58.144] [exthost] [info] ExtensionService#_doActivateExtension vscode.css-language-features {"startup":false,"extensionId":{"value":"vscode.css-language-features","_lower":"vscode.css-language-features"},"activationEvent":"onLanguage:css"}
[2020-04-09 17:54:58.144] [exthost] [info] ExtensionService#loadCommonJSModule file:///c:/Users/hp/AppData/Local/Programs/Microsoft VS Code/resources/app/extensions/css-language-features/client/dist/cssMain
[2020-04-09 17:54:58.199] [exthost] [info] ExtensionService#_doActivateExtension vscode.emmet {"startup":false,"extensionId":{"value":"vscode.emmet","_lower":"vscode.emmet"},"activationEvent":"onLanguage:css"}
[2020-04-09 17:54:58.199] [exthost] [info] ExtensionService#loadCommonJSModule file:///c:/Users/hp/AppData/Local/Programs/Microsoft VS Code/resources/app/extensions/emmet/dist/extension
[2020-04-09 17:54:58.258] [exthost] [info] ExtensionService#_doActivateExtension vscode.debug-auto-launch {"startup":true,"extensionId":{"value":"vscode.debug-auto-launch","_lower":"vscode.debug-auto-launch"},"activationEvent":"*"}
[2020-04-09 17:54:58.258] [exthost] [info] ExtensionService#loadCommonJSModule file:///c:/Users/hp/AppData/Local/Programs/Microsoft VS Code/resources/app/extensions/debug-auto-launch/dist/extension
[2020-04-09 17:54:58.366] [exthost] [info] ExtensionService#_doActivateExtension vscode.git {"startup":true,"extensionId":{"value":"vscode.git","_lower":"vscode.git"},"activationEvent":"*"}
[2020-04-09 17:54:58.367] [exthost] [info] ExtensionService#loadCommonJSModule file:///c:/Users/hp/AppData/Local/Programs/Microsoft VS Code/resources/app/extensions/git/dist/main
[2020-04-09 17:54:58.509] [exthost] [info] ExtensionService#_doActivateExtension vscode.github-authentication {"startup":true,"extensionId":{"value":"vscode.github-authentication","_lower":"vscode.github-authentication"},"activationEvent":"*"}
[2020-04-09 17:54:58.510] [exthost] [info] ExtensionService#loadCommonJSModule file:///c:/Users/hp/AppData/Local/Programs/Microsoft VS Code/resources/app/extensions/github-authentication/dist/extension.js
[2020-04-09 17:54:58.538] [exthost] [info] ExtensionService#_doActivateExtension vscode.merge-conflict {"startup":true,"extensionId":{"value":"vscode.merge-conflict","_lower":"vscode.merge-conflict"},"activationEvent":"*"}
[2020-04-09 17:54:58.538] [exthost] [info] ExtensionService#loadCommonJSModule file:///c:/Users/hp/AppData/Local/Programs/Microsoft VS Code/resources/app/extensions/merge-conflict/dist/extension
[2020-04-09 17:54:58.556] [exthost] [info] ExtensionService#_doActivateExtension vscode.search-result {"startup":true,"extensionId":{"value":"vscode.search-result","_lower":"vscode.search-result"},"activationEvent":"*"}
[2020-04-09 17:54:58.557] [exthost] [info] ExtensionService#loadCommonJSModule file:///c:/Users/hp/AppData/Local/Programs/Microsoft VS Code/resources/app/extensions/search-result/dist/extension.js
[2020-04-09 17:54:58.564] [exthost] [info] ExtensionService#_doActivateExtension vscode.vscode-account {"startup":true,"extensionId":{"value":"vscode.vscode-account","_lower":"vscode.vscode-account"},"activationEvent":"*"}
[2020-04-09 17:54:58.564] [exthost] [info] ExtensionService#loadCommonJSModule file:///c:/Users/hp/AppData/Local/Programs/Microsoft VS Code/resources/app/extensions/vscode-account/dist/extension.js
[2020-04-09 17:54:58.593] [exthost] [info] ExtensionService#_doActivateExtension vscode.npm {"startup":true,"extensionId":{"value":"vscode.npm","_lower":"vscode.npm"},"activationEvent":"workspaceContains:package.json"}
[2020-04-09 17:54:58.593] [exthost] [info] ExtensionService#loadCommonJSModule file:///c:/Users/hp/AppData/Local/Programs/Microsoft VS Code/resources/app/extensions/npm/dist/main
[2020-04-09 17:54:58.638] [exthost] [info] ExtensionService#_doActivateExtension vscode.html-language-features {"startup":false,"extensionId":{"value":"vscode.html-language-features","_lower":"vscode.html-language-features"},"activationEvent":"onLanguage:html"}
[2020-04-09 17:54:58.639] [exthost] [info] ExtensionService#loadCommonJSModule file:///c:/Users/hp/AppData/Local/Programs/Microsoft VS Code/resources/app/extensions/html-language-features/client/dist/htmlMain
[2020-04-09 17:54:58.991] [exthost] [info] eager extensions activated
