0 info it worked if it ends with ok
1 verbose cli [
1 verbose cli   'C:\\Program Files\\nodejs\\node.exe',
1 verbose cli   'C:\\Program Files\\nodejs\\node_modules\\npm\\bin\\npm-cli.js',
1 verbose cli   'start'
1 verbose cli ]
2 info using npm@6.13.4
3 info using node@v12.14.1
4 verbose run-script [ 'prestart', 'start', 'poststart' ]
5 info lifecycle social-network@1.0.0~prestart: social-network@1.0.0
6 info lifecycle social-network@1.0.0~start: social-network@1.0.0
7 verbose lifecycle social-network@1.0.0~start: unsafe-perm in lifecycle true
8 verbose lifecycle social-network@1.0.0~start: PATH: C:\Program Files\nodejs\node_modules\npm\node_modules\npm-lifecycle\node-gyp-bin;C:\Users\hp\Documents\laboratoria\CDMX009-Social-Network\node_modules\.bin;C:\Users\hp\bin;C:\Program Files\Git\mingw64\bin;C:\Program Files\Git\usr\local\bin;C:\Program Files\Git\usr\bin;C:\Program Files\Git\usr\bin;C:\Program Files\Git\mingw64\bin;C:\Program Files\Git\usr\bin;C:\Users\hp\bin;C:\Windows\system32;C:\Windows;C:\Windows\System32\Wbem;C:\Windows\System32\WindowsPowerShell\v1.0;C:\Windows\System32\OpenSSH;C:\Program Files (x86)\ATI Technologies\ATI.ACE\Core-Static;C:\Program Files\nodejs;C:\Program Files\Git\cmd;C:\Users\hp\AppData\Local\Microsoft\WindowsApps;C:\Users\hp\AppData\Roaming\npm;C:\Users\hp\AppData\Local\Programs\Microsoft VS Code\bin;C:\Program Files\Git\usr\bin\vendor_perl;C:\Program Files\Git\usr\bin\core_perl
9 verbose lifecycle social-network@1.0.0~start: CWD: C:\Users\hp\Documents\laboratoria\CDMX009-Social-Network
10 silly lifecycle social-network@1.0.0~start: Args: [ '/d /s /c', 'serve src/' ]
11 silly lifecycle social-network@1.0.0~start: Returned: code: 1  signal: null
12 info lifecycle social-network@1.0.0~start: Failed to exec start script
13 verbose stack Error: social-network@1.0.0 start: `serve src/`
13 verbose stack Exit status 1
13 verbose stack     at EventEmitter.<anonymous> (C:\Program Files\nodejs\node_modules\npm\node_modules\npm-lifecycle\index.js:332:16)
13 verbose stack     at EventEmitter.emit (events.js:223:5)
13 verbose stack     at ChildProcess.<anonymous> (C:\Program Files\nodejs\node_modules\npm\node_modules\npm-lifecycle\lib\spawn.js:55:14)
13 verbose stack     at ChildProcess.emit (events.js:223:5)
13 verbose stack     at maybeClose (internal/child_process.js:1021:16)
13 verbose stack     at Process.ChildProcess._handle.onexit (internal/child_process.js:283:5)
14 verbose pkgid social-network@1.0.0
15 verbose cwd C:\Users\hp\Documents\laboratoria\CDMX009-Social-Network
16 verbose Windows_NT 10.0.18362
17 verbose argv "C:\\Program Files\\nodejs\\node.exe" "C:\\Program Files\\nodejs\\node_modules\\npm\\bin\\npm-cli.js" "start"
18 verbose node v12.14.1
19 verbose npm  v6.13.4
20 error code ELIFECYCLE
21 error errno 1
22 error social-network@1.0.0 start: `serve src/`
22 error Exit status 1
23 error Failed at the social-network@1.0.0 start script.
23 error This is probably not a problem with npm. There is likely additional logging output above.
24 verbose exit [ 1, true ]
