Looking for git in: C:\Program Files\Git\cmd\git.exe
Using git 2.26.0.windows.1 from C:\Program Files\Git\cmd\git.exe
> git rev-parse --show-toplevel
> git rev-parse --git-dir
Open repository: c:\Users\hp\Documents\laboratoria\CDMX009-Social-Network
> git status -z -u
> git show :src/index.js
> git ls-files --stage -- C:\Users\hp\Documents\laboratoria\CDMX009-Social-Network\src\index.js
> git check-ignore -v -z --stdin
> git symbolic-ref --short HEAD
> git cat-file -s 65f0e458495926a60283fe5f09429e5e470a4f03
> git rev-parse shari
> git rev-parse --symbolic-full-name shari@{u}
fatal: no upstream configured for branch 'shari'
> git for-each-ref --format %(refname) %(objectname) --sort -committerdate
> git remote --verbose
> git rev-parse --show-toplevel
> git rev-parse --git-dir
Open repository: c:\Users\hp\Documents\laboratoria\red social
> git status -z -u
> git symbolic-ref --short HEAD
> git check-ignore -v -z --stdin
> git check-ignore -v -z --stdin
> git rev-parse master
> git rev-parse --symbolic-full-name master@{u}
> git rev-list --left-right master...refs/remotes/origin/master
> git for-each-ref --format %(refname) %(objectname) --sort -committerdate
> git remote --verbose
Failed to watch ref 'c:\Users\hp\Documents\laboratoria\red social\.git\refs\remotes\origin\master', is most likely packed.
Error: ENOENT: no such file or directory, watch 'c:\Users\hp\Documents\laboratoria\red social\.git\refs\remotes\origin\master'
	at FSWatcher.start (internal/fs/watchers.js:165:26)
	at Object.watch (fs.js:1270:11)
	at Object.t.watch (c:\Users\hp\AppData\Local\Programs\Microsoft VS Code\resources\app\extensions\git\dist\main.js:1:598241)
	at T.updateTransientWatchers (c:\Users\hp\AppData\Local\Programs\Microsoft VS Code\resources\app\extensions\git\dist\main.js:1:83843)
	at e.fire (c:\Users\hp\AppData\Local\Programs\Microsoft VS Code\resources\app\out\vs\workbench\services\extensions\node\extensionHostProcess.js:48:517)
	at e.updateModelState (c:\Users\hp\AppData\Local\Programs\Microsoft VS Code\resources\app\extensions\git\dist\main.js:1:102713)
> git config --get commit.template
> git status -z -u
> git symbolic-ref --short HEAD
> git rev-parse shari
> git rev-parse --symbolic-full-name shari@{u}
fatal: no upstream configured for branch 'shari'
> git for-each-ref --format %(refname) %(objectname) --sort -committerdate
> git remote --verbose
> git show :src/index.html
> git ls-files --stage -- C:\Users\hp\Documents\laboratoria\CDMX009-Social-Network\src\index.html
> git cat-file -s 8d55df1193f41600c369c4c69afe8115733447ca
> git show :src/style.css
> git ls-files --stage -- C:\Users\hp\Documents\laboratoria\CDMX009-Social-Network\src\style.css
> git cat-file -s 179724b49ad048aa71fbef08dba3549de3ee127e
> git status -z -u
> git symbolic-ref --short HEAD
> git rev-parse shari
> git rev-parse --symbolic-full-name shari@{u}
fatal: no upstream configured for branch 'shari'
> git for-each-ref --format %(refname) %(objectname) --sort -committerdate
> git remote --verbose
> git show :src/index.html
> git ls-files --stage -- C:\Users\hp\Documents\laboratoria\CDMX009-Social-Network\src\index.html
> git cat-file -s 8d55df1193f41600c369c4c69afe8115733447ca
> git status -z -u
> git symbolic-ref --short HEAD
> git rev-parse shari
> git rev-parse --symbolic-full-name shari@{u}
fatal: no upstream configured for branch 'shari'
> git for-each-ref --format %(refname) %(objectname) --sort -committerdate
> git remote --verbose
> git show :package.json
> git ls-files --stage -- C:\Users\hp\Documents\laboratoria\CDMX009-Social-Network\package.json
> git cat-file -s c6e1dffd9046be6b030f00f70948d170f595e40a
> git show :src/index.html
> git ls-files --stage -- C:\Users\hp\Documents\laboratoria\CDMX009-Social-Network\src\index.html
> git cat-file -s 8d55df1193f41600c369c4c69afe8115733447ca
> git check-ignore -v -z --stdin
> git push -u origin shari
> git status -z -u
> git symbolic-ref --short HEAD
> git rev-parse shari
> git rev-parse --symbolic-full-name shari@{u}
fatal: no upstream configured for branch 'shari'
> git for-each-ref --format %(refname) %(objectname) --sort -committerdate
> git remote --verbose
git.stage 1
git.stage.scmResources 1
> git add -A -- C:\Users\hp\Documents\laboratoria\CDMX009-Social-Network\src\index.html
> git status -z -u
> git symbolic-ref --short HEAD
> git rev-parse shari
> git rev-parse --symbolic-full-name shari@{u}
fatal: no upstream configured for branch 'shari'
> git for-each-ref --format %(refname) %(objectname) --sort -committerdate
> git remote --verbose
> git ls-files --stage -- C:\Users\hp\Documents\laboratoria\CDMX009-Social-Network\src\index.html
> git cat-file -s 58f70f0fe2dd28700ebed095e5350817e6402cbf
> git show :src/index.html
git.stage 1
git.stage.scmResources 1
> git add -A -- C:\Users\hp\Documents\laboratoria\CDMX009-Social-Network\src\index.js
> git status -z -u
> git symbolic-ref --short HEAD
> git rev-parse shari
> git rev-parse --symbolic-full-name shari@{u}
fatal: no upstream configured for branch 'shari'
> git for-each-ref --format %(refname) %(objectname) --sort -committerdate
> git remote --verbose
> git ls-files --stage -- C:\Users\hp\Documents\laboratoria\CDMX009-Social-Network\src\index.html
> git cat-file -s 58f70f0fe2dd28700ebed095e5350817e6402cbf
> git show :src/index.html
> git show :src/style.css
> git ls-files --stage -- C:\Users\hp\Documents\laboratoria\CDMX009-Social-Network\src\style.css
> git cat-file -s 179724b49ad048aa71fbef08dba3549de3ee127e
git.stage 1
git.stage.scmResources 1
> git add -A -- C:\Users\hp\Documents\laboratoria\CDMX009-Social-Network\src\style.css
> git status -z -u
> git symbolic-ref --short HEAD
> git rev-parse shari
> git rev-parse --symbolic-full-name shari@{u}
fatal: no upstream configured for branch 'shari'
> git for-each-ref --format %(refname) %(objectname) --sort -committerdate
> git remote --verbose
> git ls-files --stage -- C:\Users\hp\Documents\laboratoria\CDMX009-Social-Network\src\style.css
> git cat-file -s e301513203ee54646c85aacc6fe3d6657db2e684
> git show :src/style.css
git.stage 1
git.stage.scmResources 1
> git add -A -- C:\Users\hp\Documents\laboratoria\CDMX009-Social-Network\src\login.html
> git status -z -u
> git symbolic-ref --short HEAD
> git rev-parse shari
> git rev-parse --symbolic-full-name shari@{u}
fatal: no upstream configured for branch 'shari'
> git for-each-ref --format %(refname) %(objectname) --sort -committerdate
> git remote --verbose
> git ls-files --stage -- C:\Users\hp\Documents\laboratoria\CDMX009-Social-Network\src\style.css
> git cat-file -s e301513203ee54646c85aacc6fe3d6657db2e684
> git show :src/style.css
> git add -A -- .
> git status -z -u
> git symbolic-ref --short HEAD
> git rev-parse shari
> git rev-parse --symbolic-full-name shari@{u}
> git add -A -- .
fatal: no upstream configured for branch 'shari'
> git for-each-ref --format %(refname) %(objectname) --sort -committerdate
> git remote --verbose
> git status -z -u
> git symbolic-ref --short HEAD
> git rev-parse shari
> git rev-parse --symbolic-full-name shari@{u}
fatal: no upstream configured for branch 'shari'
> git for-each-ref --format %(refname) %(objectname) --sort -committerdate
> git remote --verbose
