[2020-04-09 18:04:05.477] [exthost] [info] extension host started
[2020-04-09 18:04:05.936] [exthost] [info] ExtensionService#_doActivateExtension vscode.emmet {"startup":false,"extensionId":{"value":"vscode.emmet","_lower":"vscode.emmet"},"activationEvent":"onLanguage:html"}
[2020-04-09 18:04:05.936] [exthost] [info] ExtensionService#loadCommonJSModule file:///c:/Users/hp/AppData/Local/Programs/Microsoft VS Code/resources/app/extensions/emmet/dist/extension
[2020-04-09 18:04:06.010] [exthost] [info] ExtensionService#_doActivateExtension vscode.html-language-features {"startup":false,"extensionId":{"value":"vscode.html-language-features","_lower":"vscode.html-language-features"},"activationEvent":"onLanguage:html"}
[2020-04-09 18:04:06.010] [exthost] [info] ExtensionService#loadCommonJSModule file:///c:/Users/hp/AppData/Local/Programs/Microsoft VS Code/resources/app/extensions/html-language-features/client/dist/htmlMain
[2020-04-09 18:04:06.154] [exthost] [info] ExtensionService#_doActivateExtension vscode.debug-auto-launch {"startup":true,"extensionId":{"value":"vscode.debug-auto-launch","_lower":"vscode.debug-auto-launch"},"activationEvent":"*"}
[2020-04-09 18:04:06.154] [exthost] [info] ExtensionService#loadCommonJSModule file:///c:/Users/hp/AppData/Local/Programs/Microsoft VS Code/resources/app/extensions/debug-auto-launch/dist/extension
[2020-04-09 18:04:06.202] [exthost] [info] ExtensionService#_doActivateExtension vscode.git {"startup":true,"extensionId":{"value":"vscode.git","_lower":"vscode.git"},"activationEvent":"*"}
[2020-04-09 18:04:06.202] [exthost] [info] ExtensionService#loadCommonJSModule file:///c:/Users/hp/AppData/Local/Programs/Microsoft VS Code/resources/app/extensions/git/dist/main
[2020-04-09 18:04:06.316] [exthost] [info] ExtensionService#_doActivateExtension vscode.github-authentication {"startup":true,"extensionId":{"value":"vscode.github-authentication","_lower":"vscode.github-authentication"},"activationEvent":"*"}
[2020-04-09 18:04:06.317] [exthost] [info] ExtensionService#loadCommonJSModule file:///c:/Users/hp/AppData/Local/Programs/Microsoft VS Code/resources/app/extensions/github-authentication/dist/extension.js
[2020-04-09 18:04:06.340] [exthost] [info] ExtensionService#_doActivateExtension vscode.merge-conflict {"startup":true,"extensionId":{"value":"vscode.merge-conflict","_lower":"vscode.merge-conflict"},"activationEvent":"*"}
[2020-04-09 18:04:06.341] [exthost] [info] ExtensionService#loadCommonJSModule file:///c:/Users/hp/AppData/Local/Programs/Microsoft VS Code/resources/app/extensions/merge-conflict/dist/extension
[2020-04-09 18:04:06.358] [exthost] [info] ExtensionService#_doActivateExtension vscode.search-result {"startup":true,"extensionId":{"value":"vscode.search-result","_lower":"vscode.search-result"},"activationEvent":"*"}
[2020-04-09 18:04:06.358] [exthost] [info] ExtensionService#loadCommonJSModule file:///c:/Users/hp/AppData/Local/Programs/Microsoft VS Code/resources/app/extensions/search-result/dist/extension.js
[2020-04-09 18:04:06.365] [exthost] [info] ExtensionService#_doActivateExtension vscode.vscode-account {"startup":true,"extensionId":{"value":"vscode.vscode-account","_lower":"vscode.vscode-account"},"activationEvent":"*"}
[2020-04-09 18:04:06.365] [exthost] [info] ExtensionService#loadCommonJSModule file:///c:/Users/hp/AppData/Local/Programs/Microsoft VS Code/resources/app/extensions/vscode-account/dist/extension.js
[2020-04-09 18:04:06.386] [exthost] [info] ExtensionService#_doActivateExtension vscode.npm {"startup":true,"extensionId":{"value":"vscode.npm","_lower":"vscode.npm"},"activationEvent":"workspaceContains:package.json"}
[2020-04-09 18:04:06.387] [exthost] [info] ExtensionService#loadCommonJSModule file:///c:/Users/hp/AppData/Local/Programs/Microsoft VS Code/resources/app/extensions/npm/dist/main
[2020-04-09 18:04:06.645] [exthost] [info] eager extensions activated
[2020-04-09 18:04:29.098] [exthost] [info] ExtensionService#_doActivateExtension vscode.typescript-language-features {"startup":false,"extensionId":{"value":"vscode.typescript-language-features","_lower":"vscode.typescript-language-features"},"activationEvent":"onLanguage:javascript"}
[2020-04-09 18:04:29.098] [exthost] [info] ExtensionService#loadCommonJSModule file:///c:/Users/hp/AppData/Local/Programs/Microsoft VS Code/resources/app/extensions/typescript-language-features/dist/extension
[2020-04-09 18:04:57.864] [exthost] [info] ExtensionService#_doActivateExtension vscode.extension-editing {"startup":false,"extensionId":{"value":"vscode.extension-editing","_lower":"vscode.extension-editing"},"activationEvent":"onLanguage:typescript"}
[2020-04-09 18:04:57.864] [exthost] [info] ExtensionService#loadCommonJSModule file:///c:/Users/hp/AppData/Local/Programs/Microsoft VS Code/resources/app/extensions/extension-editing/dist/extension
[2020-04-09 18:23:06.439] [exthost] [error] [vscode.typescript-language-features] provider FAILED
[2020-04-09 18:23:06.443] [exthost] [error] Error: busy
	at a._provideSemanticTokens (c:\Users\hp\AppData\Local\Programs\Microsoft VS Code\resources\app\extensions\typescript-language-features\dist\extension.js:1:183890)
[2020-04-09 18:23:14.049] [exthost] [error] [vscode.typescript-language-features] provider FAILED
[2020-04-09 18:23:14.049] [exthost] [error] Error: busy
	at a._provideSemanticTokens (c:\Users\hp\AppData\Local\Programs\Microsoft VS Code\resources\app\extensions\typescript-language-features\dist\extension.js:1:183890)
[2020-04-09 18:24:12.194] [exthost] [error] [vscode.typescript-language-features] provider FAILED
[2020-04-09 18:24:12.194] [exthost] [error] Error: busy
	at a._provideSemanticTokens (c:\Users\hp\AppData\Local\Programs\Microsoft VS Code\resources\app\extensions\typescript-language-features\dist\extension.js:1:183890)
[2020-04-09 18:24:15.588] [exthost] [error] [vscode.typescript-language-features] provider FAILED
[2020-04-09 18:24:15.588] [exthost] [error] Error: busy
	at a._provideSemanticTokens (c:\Users\hp\AppData\Local\Programs\Microsoft VS Code\resources\app\extensions\typescript-language-features\dist\extension.js:1:183890)
[2020-04-09 18:24:17.967] [exthost] [error] [vscode.typescript-language-features] provider FAILED
[2020-04-09 18:24:17.967] [exthost] [error] Error: busy
	at a._provideSemanticTokens (c:\Users\hp\AppData\Local\Programs\Microsoft VS Code\resources\app\extensions\typescript-language-features\dist\extension.js:1:183890)
[2020-04-09 18:24:23.059] [exthost] [error] [vscode.typescript-language-features] provider FAILED
[2020-04-09 18:24:23.059] [exthost] [error] Error: busy
	at a._provideSemanticTokens (c:\Users\hp\AppData\Local\Programs\Microsoft VS Code\resources\app\extensions\typescript-language-features\dist\extension.js:1:183890)
[2020-04-09 18:24:23.101] [exthost] [info] [vscode.typescript-language-features] UNSAVE result from 'resolveCompletionItem', extension SHOULD NOT change any of: additionalTextEdits, or command
[2020-04-09 18:24:24.479] [exthost] [error] [vscode.typescript-language-features] provider FAILED
[2020-04-09 18:24:24.479] [exthost] [error] Error: busy
	at a._provideSemanticTokens (c:\Users\hp\AppData\Local\Programs\Microsoft VS Code\resources\app\extensions\typescript-language-features\dist\extension.js:1:183890)
[2020-04-09 18:24:51.902] [exthost] [error] [vscode.typescript-language-features] provider FAILED
[2020-04-09 18:24:51.902] [exthost] [error] Error: busy
	at a._provideSemanticTokens (c:\Users\hp\AppData\Local\Programs\Microsoft VS Code\resources\app\extensions\typescript-language-features\dist\extension.js:1:183890)
[2020-04-09 18:24:53.070] [exthost] [error] [vscode.typescript-language-features] provider FAILED
[2020-04-09 18:24:53.070] [exthost] [error] Error: busy
	at a._provideSemanticTokens (c:\Users\hp\AppData\Local\Programs\Microsoft VS Code\resources\app\extensions\typescript-language-features\dist\extension.js:1:183890)
[2020-04-09 18:25:02.492] [exthost] [error] [vscode.typescript-language-features] provider FAILED
[2020-04-09 18:25:02.493] [exthost] [error] Error: busy
	at a._provideSemanticTokens (c:\Users\hp\AppData\Local\Programs\Microsoft VS Code\resources\app\extensions\typescript-language-features\dist\extension.js:1:183890)
[2020-04-09 18:25:09.856] [exthost] [error] [vscode.typescript-language-features] provider FAILED
[2020-04-09 18:25:09.856] [exthost] [error] Error: busy
	at a._provideSemanticTokens (c:\Users\hp\AppData\Local\Programs\Microsoft VS Code\resources\app\extensions\typescript-language-features\dist\extension.js:1:183890)
[2020-04-09 18:25:14.753] [exthost] [error] [vscode.typescript-language-features] provider FAILED
[2020-04-09 18:25:14.753] [exthost] [error] Error: busy
	at a._provideSemanticTokens (c:\Users\hp\AppData\Local\Programs\Microsoft VS Code\resources\app\extensions\typescript-language-features\dist\extension.js:1:183890)
[2020-04-09 18:25:28.676] [exthost] [error] [vscode.typescript-language-features] provider FAILED
[2020-04-09 18:25:28.676] [exthost] [error] Error: busy
	at a._provideSemanticTokens (c:\Users\hp\AppData\Local\Programs\Microsoft VS Code\resources\app\extensions\typescript-language-features\dist\extension.js:1:183890)
[2020-04-09 18:27:34.084] [exthost] [error] [vscode.typescript-language-features] provider FAILED
[2020-04-09 18:27:34.084] [exthost] [error] Error: busy
	at a._provideSemanticTokens (c:\Users\hp\AppData\Local\Programs\Microsoft VS Code\resources\app\extensions\typescript-language-features\dist\extension.js:1:183890)
[2020-04-09 18:27:45.379] [exthost] [error] [vscode.typescript-language-features] provider FAILED
[2020-04-09 18:27:45.380] [exthost] [error] Error: busy
	at a._provideSemanticTokens (c:\Users\hp\AppData\Local\Programs\Microsoft VS Code\resources\app\extensions\typescript-language-features\dist\extension.js:1:183890)
[2020-04-09 18:27:49.646] [exthost] [error] [vscode.typescript-language-features] provider FAILED
[2020-04-09 18:27:49.646] [exthost] [error] Error: busy
	at a._provideSemanticTokens (c:\Users\hp\AppData\Local\Programs\Microsoft VS Code\resources\app\extensions\typescript-language-features\dist\extension.js:1:183890)
[2020-04-09 18:33:47.277] [exthost] [error] [vscode.typescript-language-features] provider FAILED
[2020-04-09 18:33:47.278] [exthost] [error] Error: busy
	at a._provideSemanticTokens (c:\Users\hp\AppData\Local\Programs\Microsoft VS Code\resources\app\extensions\typescript-language-features\dist\extension.js:1:183890)
[2020-04-09 18:33:48.711] [exthost] [error] [vscode.typescript-language-features] provider FAILED
[2020-04-09 18:33:48.711] [exthost] [error] Error: busy
	at a._provideSemanticTokens (c:\Users\hp\AppData\Local\Programs\Microsoft VS Code\resources\app\extensions\typescript-language-features\dist\extension.js:1:183890)
[2020-04-09 18:33:49.988] [exthost] [error] [vscode.typescript-language-features] provider FAILED
[2020-04-09 18:33:49.989] [exthost] [error] Error: busy
	at a._provideSemanticTokens (c:\Users\hp\AppData\Local\Programs\Microsoft VS Code\resources\app\extensions\typescript-language-features\dist\extension.js:1:183890)
[2020-04-09 18:33:51.973] [exthost] [error] [vscode.typescript-language-features] provider FAILED
[2020-04-09 18:33:51.973] [exthost] [error] Error: busy
	at a._provideSemanticTokens (c:\Users\hp\AppData\Local\Programs\Microsoft VS Code\resources\app\extensions\typescript-language-features\dist\extension.js:1:183890)
[2020-04-09 18:33:57.431] [exthost] [error] [vscode.typescript-language-features] provider FAILED
[2020-04-09 18:33:57.431] [exthost] [error] Error: busy
	at a._provideSemanticTokens (c:\Users\hp\AppData\Local\Programs\Microsoft VS Code\resources\app\extensions\typescript-language-features\dist\extension.js:1:183890)
[2020-04-09 18:33:58.252] [exthost] [error] [vscode.typescript-language-features] provider FAILED
[2020-04-09 18:33:58.252] [exthost] [error] Error: busy
	at a._provideSemanticTokens (c:\Users\hp\AppData\Local\Programs\Microsoft VS Code\resources\app\extensions\typescript-language-features\dist\extension.js:1:183890)
[2020-04-09 18:34:46.251] [exthost] [error] [vscode.typescript-language-features] provider FAILED
[2020-04-09 18:34:46.252] [exthost] [error] Error: busy
	at a._provideSemanticTokens (c:\Users\hp\AppData\Local\Programs\Microsoft VS Code\resources\app\extensions\typescript-language-features\dist\extension.js:1:183890)
[2020-04-09 18:34:56.352] [exthost] [error] [vscode.typescript-language-features] provider FAILED
[2020-04-09 18:34:56.352] [exthost] [error] Error: busy
	at a._provideSemanticTokens (c:\Users\hp\AppData\Local\Programs\Microsoft VS Code\resources\app\extensions\typescript-language-features\dist\extension.js:1:183890)
[2020-04-09 18:34:57.237] [exthost] [error] [vscode.typescript-language-features] provider FAILED
[2020-04-09 18:34:57.237] [exthost] [error] Error: busy
	at a._provideSemanticTokens (c:\Users\hp\AppData\Local\Programs\Microsoft VS Code\resources\app\extensions\typescript-language-features\dist\extension.js:1:183890)
[2020-04-09 18:35:00.957] [exthost] [error] [vscode.typescript-language-features] provider FAILED
[2020-04-09 18:35:00.957] [exthost] [error] Error: busy
	at a._provideSemanticTokens (c:\Users\hp\AppData\Local\Programs\Microsoft VS Code\resources\app\extensions\typescript-language-features\dist\extension.js:1:183890)
[2020-04-09 18:35:12.700] [exthost] [error] [vscode.typescript-language-features] provider FAILED
[2020-04-09 18:35:12.700] [exthost] [error] Error: busy
	at a._provideSemanticTokens (c:\Users\hp\AppData\Local\Programs\Microsoft VS Code\resources\app\extensions\typescript-language-features\dist\extension.js:1:183890)
[2020-04-09 18:35:23.185] [exthost] [error] [vscode.typescript-language-features] provider FAILED
[2020-04-09 18:35:23.185] [exthost] [error] Error: busy
	at a._provideSemanticTokens (c:\Users\hp\AppData\Local\Programs\Microsoft VS Code\resources\app\extensions\typescript-language-features\dist\extension.js:1:183890)
[2020-04-09 18:35:34.040] [exthost] [error] [vscode.typescript-language-features] provider FAILED
[2020-04-09 18:35:34.040] [exthost] [error] Error: busy
	at a._provideSemanticTokens (c:\Users\hp\AppData\Local\Programs\Microsoft VS Code\resources\app\extensions\typescript-language-features\dist\extension.js:1:183890)
[2020-04-09 18:35:34.953] [exthost] [error] [vscode.typescript-language-features] provider FAILED
[2020-04-09 18:35:34.953] [exthost] [error] Error: busy
	at a._provideSemanticTokens (c:\Users\hp\AppData\Local\Programs\Microsoft VS Code\resources\app\extensions\typescript-language-features\dist\extension.js:1:183890)
[2020-04-09 18:35:37.431] [exthost] [error] [vscode.typescript-language-features] provider FAILED
[2020-04-09 18:35:37.431] [exthost] [error] Error: busy
	at a._provideSemanticTokens (c:\Users\hp\AppData\Local\Programs\Microsoft VS Code\resources\app\extensions\typescript-language-features\dist\extension.js:1:183890)
[2020-04-09 18:35:39.499] [exthost] [error] [vscode.typescript-language-features] provider FAILED
[2020-04-09 18:35:39.499] [exthost] [error] Error: busy
	at a._provideSemanticTokens (c:\Users\hp\AppData\Local\Programs\Microsoft VS Code\resources\app\extensions\typescript-language-features\dist\extension.js:1:183890)
[2020-04-09 18:35:43.621] [exthost] [error] [vscode.typescript-language-features] provider FAILED
[2020-04-09 18:35:43.622] [exthost] [error] Error: busy
	at a._provideSemanticTokens (c:\Users\hp\AppData\Local\Programs\Microsoft VS Code\resources\app\extensions\typescript-language-features\dist\extension.js:1:183890)
[2020-04-09 18:35:45.969] [exthost] [error] [vscode.typescript-language-features] provider FAILED
[2020-04-09 18:35:45.969] [exthost] [error] Error: busy
	at a._provideSemanticTokens (c:\Users\hp\AppData\Local\Programs\Microsoft VS Code\resources\app\extensions\typescript-language-features\dist\extension.js:1:183890)
[2020-04-09 18:35:50.378] [exthost] [error] [vscode.typescript-language-features] provider FAILED
[2020-04-09 18:35:50.378] [exthost] [error] Error: busy
	at a._provideSemanticTokens (c:\Users\hp\AppData\Local\Programs\Microsoft VS Code\resources\app\extensions\typescript-language-features\dist\extension.js:1:183890)
[2020-04-09 18:36:13.144] [exthost] [error] [vscode.typescript-language-features] provider FAILED
[2020-04-09 18:36:13.144] [exthost] [error] Error: busy
	at a._provideSemanticTokens (c:\Users\hp\AppData\Local\Programs\Microsoft VS Code\resources\app\extensions\typescript-language-features\dist\extension.js:1:183890)
[2020-04-09 18:36:16.101] [exthost] [error] [vscode.typescript-language-features] provider FAILED
[2020-04-09 18:36:16.101] [exthost] [error] Error: busy
	at a._provideSemanticTokens (c:\Users\hp\AppData\Local\Programs\Microsoft VS Code\resources\app\extensions\typescript-language-features\dist\extension.js:1:183890)
[2020-04-09 18:36:17.869] [exthost] [error] [vscode.typescript-language-features] provider FAILED
[2020-04-09 18:36:17.869] [exthost] [error] Error: busy
	at a._provideSemanticTokens (c:\Users\hp\AppData\Local\Programs\Microsoft VS Code\resources\app\extensions\typescript-language-features\dist\extension.js:1:183890)
[2020-04-09 18:37:57.601] [exthost] [error] [vscode.typescript-language-features] provider FAILED
[2020-04-09 18:37:57.601] [exthost] [error] Error: busy
	at a._provideSemanticTokens (c:\Users\hp\AppData\Local\Programs\Microsoft VS Code\resources\app\extensions\typescript-language-features\dist\extension.js:1:183890)
[2020-04-09 18:38:08.722] [exthost] [error] [vscode.typescript-language-features] provider FAILED
[2020-04-09 18:38:08.723] [exthost] [error] Error: busy
	at a._provideSemanticTokens (c:\Users\hp\AppData\Local\Programs\Microsoft VS Code\resources\app\extensions\typescript-language-features\dist\extension.js:1:183890)
[2020-04-09 18:38:13.261] [exthost] [error] [vscode.typescript-language-features] provider FAILED
[2020-04-09 18:38:13.261] [exthost] [error] Error: busy
	at a._provideSemanticTokens (c:\Users\hp\AppData\Local\Programs\Microsoft VS Code\resources\app\extensions\typescript-language-features\dist\extension.js:1:183890)
[2020-04-09 18:39:03.514] [exthost] [error] [vscode.typescript-language-features] provider FAILED
[2020-04-09 18:39:03.514] [exthost] [error] Error: busy
	at a._provideSemanticTokens (c:\Users\hp\AppData\Local\Programs\Microsoft VS Code\resources\app\extensions\typescript-language-features\dist\extension.js:1:183890)
[2020-04-09 18:44:53.544] [exthost] [error] [vscode.typescript-language-features] provider FAILED
[2020-04-09 18:44:53.545] [exthost] [error] Error: busy
	at a._provideSemanticTokens (c:\Users\hp\AppData\Local\Programs\Microsoft VS Code\resources\app\extensions\typescript-language-features\dist\extension.js:1:183890)
[2020-04-09 18:45:00.335] [exthost] [error] [vscode.typescript-language-features] provider FAILED
[2020-04-09 18:45:00.336] [exthost] [error] Error: busy
	at a._provideSemanticTokens (c:\Users\hp\AppData\Local\Programs\Microsoft VS Code\resources\app\extensions\typescript-language-features\dist\extension.js:1:183890)
[2020-04-09 18:45:05.107] [exthost] [error] [vscode.typescript-language-features] provider FAILED
[2020-04-09 18:45:05.107] [exthost] [error] Error: busy
	at a._provideSemanticTokens (c:\Users\hp\AppData\Local\Programs\Microsoft VS Code\resources\app\extensions\typescript-language-features\dist\extension.js:1:183890)
[2020-04-09 18:45:13.097] [exthost] [error] [vscode.typescript-language-features] provider FAILED
[2020-04-09 18:45:13.098] [exthost] [error] Error: busy
	at a._provideSemanticTokens (c:\Users\hp\AppData\Local\Programs\Microsoft VS Code\resources\app\extensions\typescript-language-features\dist\extension.js:1:183890)
[2020-04-09 18:45:17.894] [exthost] [error] [vscode.typescript-language-features] provider FAILED
[2020-04-09 18:45:17.894] [exthost] [error] Error: busy
	at a._provideSemanticTokens (c:\Users\hp\AppData\Local\Programs\Microsoft VS Code\resources\app\extensions\typescript-language-features\dist\extension.js:1:183890)
[2020-04-09 18:45:19.798] [exthost] [error] [vscode.typescript-language-features] provider FAILED
[2020-04-09 18:45:19.798] [exthost] [error] Error: busy
	at a._provideSemanticTokens (c:\Users\hp\AppData\Local\Programs\Microsoft VS Code\resources\app\extensions\typescript-language-features\dist\extension.js:1:183890)
[2020-04-09 18:47:26.174] [exthost] [error] [vscode.typescript-language-features] provider FAILED
[2020-04-09 18:47:26.174] [exthost] [error] Error: busy
	at a._provideSemanticTokens (c:\Users\hp\AppData\Local\Programs\Microsoft VS Code\resources\app\extensions\typescript-language-features\dist\extension.js:1:183890)
[2020-04-09 18:47:28.730] [exthost] [error] [vscode.typescript-language-features] provider FAILED
[2020-04-09 18:47:28.730] [exthost] [error] Error: busy
	at a._provideSemanticTokens (c:\Users\hp\AppData\Local\Programs\Microsoft VS Code\resources\app\extensions\typescript-language-features\dist\extension.js:1:183890)
[2020-04-09 18:47:31.207] [exthost] [error] [vscode.typescript-language-features] provider FAILED
[2020-04-09 18:47:31.208] [exthost] [error] Error: busy
	at a._provideSemanticTokens (c:\Users\hp\AppData\Local\Programs\Microsoft VS Code\resources\app\extensions\typescript-language-features\dist\extension.js:1:183890)
[2020-04-09 18:50:04.141] [exthost] [error] [vscode.typescript-language-features] provider FAILED
[2020-04-09 18:50:04.142] [exthost] [error] Error: busy
	at a._provideSemanticTokens (c:\Users\hp\AppData\Local\Programs\Microsoft VS Code\resources\app\extensions\typescript-language-features\dist\extension.js:1:183890)
[2020-04-09 18:51:03.373] [exthost] [error] [vscode.typescript-language-features] provider FAILED
[2020-04-09 18:51:03.373] [exthost] [error] Error: busy
	at a._provideSemanticTokens (c:\Users\hp\AppData\Local\Programs\Microsoft VS Code\resources\app\extensions\typescript-language-features\dist\extension.js:1:183890)
[2020-04-09 18:51:11.117] [exthost] [error] [vscode.typescript-language-features] provider FAILED
[2020-04-09 18:51:11.118] [exthost] [error] Error: busy
	at a._provideSemanticTokens (c:\Users\hp\AppData\Local\Programs\Microsoft VS Code\resources\app\extensions\typescript-language-features\dist\extension.js:1:183890)
[2020-04-09 18:51:11.965] [exthost] [error] [vscode.typescript-language-features] provider FAILED
[2020-04-09 18:51:11.965] [exthost] [error] Error: busy
	at a._provideSemanticTokens (c:\Users\hp\AppData\Local\Programs\Microsoft VS Code\resources\app\extensions\typescript-language-features\dist\extension.js:1:183890)
[2020-04-09 18:51:20.290] [exthost] [error] [vscode.typescript-language-features] provider FAILED
[2020-04-09 18:51:20.290] [exthost] [error] Error: busy
	at a._provideSemanticTokens (c:\Users\hp\AppData\Local\Programs\Microsoft VS Code\resources\app\extensions\typescript-language-features\dist\extension.js:1:183890)
[2020-04-09 18:52:02.382] [exthost] [error] [vscode.typescript-language-features] provider FAILED
[2020-04-09 18:52:02.383] [exthost] [error] Error: busy
	at a._provideSemanticTokens (c:\Users\hp\AppData\Local\Programs\Microsoft VS Code\resources\app\extensions\typescript-language-features\dist\extension.js:1:183890)
[2020-04-09 18:52:50.393] [exthost] [error] [vscode.typescript-language-features] provider FAILED
[2020-04-09 18:52:50.393] [exthost] [error] Error: busy
	at a._provideSemanticTokens (c:\Users\hp\AppData\Local\Programs\Microsoft VS Code\resources\app\extensions\typescript-language-features\dist\extension.js:1:183890)
[2020-04-09 18:53:22.681] [exthost] [error] [vscode.typescript-language-features] provider FAILED
[2020-04-09 18:53:22.682] [exthost] [error] Error: busy
	at a._provideSemanticTokens (c:\Users\hp\AppData\Local\Programs\Microsoft VS Code\resources\app\extensions\typescript-language-features\dist\extension.js:1:183890)
[2020-04-09 18:53:53.199] [exthost] [error] [vscode.typescript-language-features] provider FAILED
[2020-04-09 18:53:53.199] [exthost] [error] Error: busy
	at a._provideSemanticTokens (c:\Users\hp\AppData\Local\Programs\Microsoft VS Code\resources\app\extensions\typescript-language-features\dist\extension.js:1:183890)
[2020-04-09 18:54:03.069] [exthost] [error] [vscode.typescript-language-features] provider FAILED
[2020-04-09 18:54:03.069] [exthost] [error] Error: busy
	at a._provideSemanticTokens (c:\Users\hp\AppData\Local\Programs\Microsoft VS Code\resources\app\extensions\typescript-language-features\dist\extension.js:1:183890)
[2020-04-09 18:54:30.995] [exthost] [error] [vscode.typescript-language-features] provider FAILED
[2020-04-09 18:54:30.995] [exthost] [error] Error: busy
	at a._provideSemanticTokens (c:\Users\hp\AppData\Local\Programs\Microsoft VS Code\resources\app\extensions\typescript-language-features\dist\extension.js:1:183890)
[2020-04-09 18:54:34.385] [exthost] [error] [vscode.typescript-language-features] provider FAILED
[2020-04-09 18:54:34.386] [exthost] [error] Error: busy
	at a._provideSemanticTokens (c:\Users\hp\AppData\Local\Programs\Microsoft VS Code\resources\app\extensions\typescript-language-features\dist\extension.js:1:183890)
[2020-04-09 18:55:01.712] [exthost] [error] [vscode.typescript-language-features] provider FAILED
[2020-04-09 18:55:01.712] [exthost] [error] Error: busy
	at a._provideSemanticTokens (c:\Users\hp\AppData\Local\Programs\Microsoft VS Code\resources\app\extensions\typescript-language-features\dist\extension.js:1:183890)
[2020-04-09 18:55:19.208] [exthost] [error] [vscode.typescript-language-features] provider FAILED
[2020-04-09 18:55:19.208] [exthost] [error] Error: busy
	at a._provideSemanticTokens (c:\Users\hp\AppData\Local\Programs\Microsoft VS Code\resources\app\extensions\typescript-language-features\dist\extension.js:1:183890)
[2020-04-09 18:55:46.914] [exthost] [error] [vscode.typescript-language-features] provider FAILED
[2020-04-09 18:55:46.915] [exthost] [error] Error: busy
	at a._provideSemanticTokens (c:\Users\hp\AppData\Local\Programs\Microsoft VS Code\resources\app\extensions\typescript-language-features\dist\extension.js:1:183890)
[2020-04-09 18:55:59.611] [exthost] [error] [vscode.typescript-language-features] provider FAILED
[2020-04-09 18:55:59.611] [exthost] [error] Error: busy
	at a._provideSemanticTokens (c:\Users\hp\AppData\Local\Programs\Microsoft VS Code\resources\app\extensions\typescript-language-features\dist\extension.js:1:183890)
[2020-04-09 18:57:42.071] [exthost] [error] [vscode.typescript-language-features] provider FAILED
[2020-04-09 18:57:42.071] [exthost] [error] Error: busy
	at a._provideSemanticTokens (c:\Users\hp\AppData\Local\Programs\Microsoft VS Code\resources\app\extensions\typescript-language-features\dist\extension.js:1:183890)
[2020-04-09 18:57:47.512] [exthost] [error] [vscode.typescript-language-features] provider FAILED
[2020-04-09 18:57:47.513] [exthost] [error] Error: busy
	at a._provideSemanticTokens (c:\Users\hp\AppData\Local\Programs\Microsoft VS Code\resources\app\extensions\typescript-language-features\dist\extension.js:1:183890)
[2020-04-09 18:57:48.333] [exthost] [error] [vscode.typescript-language-features] provider FAILED
[2020-04-09 18:57:48.333] [exthost] [error] Error: busy
	at a._provideSemanticTokens (c:\Users\hp\AppData\Local\Programs\Microsoft VS Code\resources\app\extensions\typescript-language-features\dist\extension.js:1:183890)
[2020-04-09 18:57:55.333] [exthost] [error] [vscode.typescript-language-features] provider FAILED
[2020-04-09 18:57:55.333] [exthost] [error] Error: busy
	at a._provideSemanticTokens (c:\Users\hp\AppData\Local\Programs\Microsoft VS Code\resources\app\extensions\typescript-language-features\dist\extension.js:1:183890)
[2020-04-09 18:57:57.498] [exthost] [error] [vscode.typescript-language-features] provider FAILED
[2020-04-09 18:57:57.498] [exthost] [error] Error: busy
	at a._provideSemanticTokens (c:\Users\hp\AppData\Local\Programs\Microsoft VS Code\resources\app\extensions\typescript-language-features\dist\extension.js:1:183890)
[2020-04-09 18:58:28.444] [exthost] [error] [vscode.typescript-language-features] provider FAILED
[2020-04-09 18:58:28.444] [exthost] [error] Error: busy
	at a._provideSemanticTokens (c:\Users\hp\AppData\Local\Programs\Microsoft VS Code\resources\app\extensions\typescript-language-features\dist\extension.js:1:183890)
[2020-04-09 18:59:18.389] [exthost] [error] [vscode.typescript-language-features] provider FAILED
[2020-04-09 18:59:18.390] [exthost] [error] Error: busy
	at a._provideSemanticTokens (c:\Users\hp\AppData\Local\Programs\Microsoft VS Code\resources\app\extensions\typescript-language-features\dist\extension.js:1:183890)
[2020-04-09 18:59:20.084] [exthost] [error] [vscode.typescript-language-features] provider FAILED
[2020-04-09 18:59:20.084] [exthost] [error] Error: busy
	at a._provideSemanticTokens (c:\Users\hp\AppData\Local\Programs\Microsoft VS Code\resources\app\extensions\typescript-language-features\dist\extension.js:1:183890)
[2020-04-09 18:59:21.505] [exthost] [error] [vscode.typescript-language-features] provider FAILED
[2020-04-09 18:59:21.505] [exthost] [error] Error: busy
	at a._provideSemanticTokens (c:\Users\hp\AppData\Local\Programs\Microsoft VS Code\resources\app\extensions\typescript-language-features\dist\extension.js:1:183890)
[2020-04-09 18:59:22.874] [exthost] [error] [vscode.typescript-language-features] provider FAILED
[2020-04-09 18:59:22.874] [exthost] [error] Error: busy
	at a._provideSemanticTokens (c:\Users\hp\AppData\Local\Programs\Microsoft VS Code\resources\app\extensions\typescript-language-features\dist\extension.js:1:183890)
[2020-04-09 18:59:49.464] [exthost] [error] [vscode.typescript-language-features] provider FAILED
[2020-04-09 18:59:49.464] [exthost] [error] Error: busy
	at a._provideSemanticTokens (c:\Users\hp\AppData\Local\Programs\Microsoft VS Code\resources\app\extensions\typescript-language-features\dist\extension.js:1:183890)
[2020-04-09 19:00:24.546] [exthost] [error] [vscode.typescript-language-features] provider FAILED
[2020-04-09 19:00:24.546] [exthost] [error] Error: busy
	at a._provideSemanticTokens (c:\Users\hp\AppData\Local\Programs\Microsoft VS Code\resources\app\extensions\typescript-language-features\dist\extension.js:1:183890)
[2020-04-09 19:00:44.677] [exthost] [error] [vscode.typescript-language-features] provider FAILED
[2020-04-09 19:00:44.677] [exthost] [error] Error: busy
	at a._provideSemanticTokens (c:\Users\hp\AppData\Local\Programs\Microsoft VS Code\resources\app\extensions\typescript-language-features\dist\extension.js:1:183890)
[2020-04-09 19:00:47.270] [exthost] [error] [vscode.typescript-language-features] provider FAILED
[2020-04-09 19:00:47.270] [exthost] [error] Error: busy
	at a._provideSemanticTokens (c:\Users\hp\AppData\Local\Programs\Microsoft VS Code\resources\app\extensions\typescript-language-features\dist\extension.js:1:183890)
[2020-04-09 19:00:52.719] [exthost] [error] [vscode.typescript-language-features] provider FAILED
[2020-04-09 19:00:52.719] [exthost] [error] Error: busy
	at a._provideSemanticTokens (c:\Users\hp\AppData\Local\Programs\Microsoft VS Code\resources\app\extensions\typescript-language-features\dist\extension.js:1:183890)
[2020-04-09 19:01:00.533] [exthost] [error] [vscode.typescript-language-features] provider FAILED
[2020-04-09 19:01:00.533] [exthost] [error] Error: busy
	at a._provideSemanticTokens (c:\Users\hp\AppData\Local\Programs\Microsoft VS Code\resources\app\extensions\typescript-language-features\dist\extension.js:1:183890)
[2020-04-09 19:01:24.747] [exthost] [error] [vscode.typescript-language-features] provider FAILED
[2020-04-09 19:01:24.747] [exthost] [error] Error: busy
	at a._provideSemanticTokens (c:\Users\hp\AppData\Local\Programs\Microsoft VS Code\resources\app\extensions\typescript-language-features\dist\extension.js:1:183890)
[2020-04-09 19:01:37.231] [exthost] [error] [vscode.typescript-language-features] provider FAILED
[2020-04-09 19:01:37.231] [exthost] [error] Error: busy
	at a._provideSemanticTokens (c:\Users\hp\AppData\Local\Programs\Microsoft VS Code\resources\app\extensions\typescript-language-features\dist\extension.js:1:183890)
[2020-04-09 19:02:07.546] [exthost] [error] [vscode.typescript-language-features] provider FAILED
[2020-04-09 19:02:07.547] [exthost] [error] Error: busy
	at a._provideSemanticTokens (c:\Users\hp\AppData\Local\Programs\Microsoft VS Code\resources\app\extensions\typescript-language-features\dist\extension.js:1:183890)
[2020-04-09 19:02:14.421] [exthost] [error] [vscode.typescript-language-features] provider FAILED
[2020-04-09 19:02:14.421] [exthost] [error] Error: busy
	at a._provideSemanticTokens (c:\Users\hp\AppData\Local\Programs\Microsoft VS Code\resources\app\extensions\typescript-language-features\dist\extension.js:1:183890)
[2020-04-09 19:02:19.295] [exthost] [error] [vscode.typescript-language-features] provider FAILED
[2020-04-09 19:02:19.295] [exthost] [error] Error: busy
	at a._provideSemanticTokens (c:\Users\hp\AppData\Local\Programs\Microsoft VS Code\resources\app\extensions\typescript-language-features\dist\extension.js:1:183890)
[2020-04-09 19:02:52.909] [exthost] [error] [vscode.typescript-language-features] provider FAILED
[2020-04-09 19:02:52.909] [exthost] [error] Error: busy
	at a._provideSemanticTokens (c:\Users\hp\AppData\Local\Programs\Microsoft VS Code\resources\app\extensions\typescript-language-features\dist\extension.js:1:183890)
[2020-04-09 19:03:01.995] [exthost] [error] [vscode.typescript-language-features] provider FAILED
[2020-04-09 19:03:01.995] [exthost] [error] Error: busy
	at a._provideSemanticTokens (c:\Users\hp\AppData\Local\Programs\Microsoft VS Code\resources\app\extensions\typescript-language-features\dist\extension.js:1:183890)
[2020-04-09 19:03:03.496] [exthost] [error] [vscode.typescript-language-features] provider FAILED
[2020-04-09 19:03:03.496] [exthost] [error] Error: busy
	at a._provideSemanticTokens (c:\Users\hp\AppData\Local\Programs\Microsoft VS Code\resources\app\extensions\typescript-language-features\dist\extension.js:1:183890)
[2020-04-09 19:03:14.344] [exthost] [error] [vscode.typescript-language-features] provider FAILED
[2020-04-09 19:03:14.345] [exthost] [error] Error: busy
	at a._provideSemanticTokens (c:\Users\hp\AppData\Local\Programs\Microsoft VS Code\resources\app\extensions\typescript-language-features\dist\extension.js:1:183890)
[2020-04-09 19:03:15.991] [exthost] [error] [vscode.typescript-language-features] provider FAILED
[2020-04-09 19:03:15.991] [exthost] [error] Error: busy
	at a._provideSemanticTokens (c:\Users\hp\AppData\Local\Programs\Microsoft VS Code\resources\app\extensions\typescript-language-features\dist\extension.js:1:183890)
[2020-04-09 19:03:20.179] [exthost] [error] [vscode.typescript-language-features] provider FAILED
[2020-04-09 19:03:20.180] [exthost] [error] Error: busy
	at a._provideSemanticTokens (c:\Users\hp\AppData\Local\Programs\Microsoft VS Code\resources\app\extensions\typescript-language-features\dist\extension.js:1:183890)
[2020-04-09 19:03:31.187] [exthost] [error] [vscode.typescript-language-features] provider FAILED
[2020-04-09 19:03:31.187] [exthost] [error] Error: busy
	at a._provideSemanticTokens (c:\Users\hp\AppData\Local\Programs\Microsoft VS Code\resources\app\extensions\typescript-language-features\dist\extension.js:1:183890)
[2020-04-09 19:03:36.559] [exthost] [error] [vscode.typescript-language-features] provider FAILED
[2020-04-09 19:03:36.559] [exthost] [error] Error: busy
	at a._provideSemanticTokens (c:\Users\hp\AppData\Local\Programs\Microsoft VS Code\resources\app\extensions\typescript-language-features\dist\extension.js:1:183890)
[2020-04-09 19:05:21.712] [exthost] [error] [vscode.typescript-language-features] provider FAILED
[2020-04-09 19:05:21.712] [exthost] [error] Error: busy
	at a._provideSemanticTokens (c:\Users\hp\AppData\Local\Programs\Microsoft VS Code\resources\app\extensions\typescript-language-features\dist\extension.js:1:183890)
[2020-04-09 19:05:27.520] [exthost] [error] [vscode.typescript-language-features] provider FAILED
[2020-04-09 19:05:27.520] [exthost] [error] Error: busy
	at a._provideSemanticTokens (c:\Users\hp\AppData\Local\Programs\Microsoft VS Code\resources\app\extensions\typescript-language-features\dist\extension.js:1:183890)
[2020-04-09 19:07:38.021] [exthost] [error] [vscode.typescript-language-features] provider FAILED
[2020-04-09 19:07:38.021] [exthost] [error] Error: busy
	at a._provideSemanticTokens (c:\Users\hp\AppData\Local\Programs\Microsoft VS Code\resources\app\extensions\typescript-language-features\dist\extension.js:1:183890)
[2020-04-09 19:14:27.184] [exthost] [error] [vscode.typescript-language-features] provider FAILED
[2020-04-09 19:14:27.184] [exthost] [error] Error: busy
	at a._provideSemanticTokens (c:\Users\hp\AppData\Local\Programs\Microsoft VS Code\resources\app\extensions\typescript-language-features\dist\extension.js:1:183890)
[2020-04-09 19:14:29.817] [exthost] [error] [vscode.typescript-language-features] provider FAILED
[2020-04-09 19:14:29.817] [exthost] [error] Error: busy
	at a._provideSemanticTokens (c:\Users\hp\AppData\Local\Programs\Microsoft VS Code\resources\app\extensions\typescript-language-features\dist\extension.js:1:183890)
[2020-04-13 08:20:29.365] [exthost] [error] [vscode.typescript-language-features] provider FAILED
[2020-04-13 08:20:29.365] [exthost] [error] Error: busy
	at a._provideSemanticTokens (c:\Users\hp\AppData\Local\Programs\Microsoft VS Code\resources\app\extensions\typescript-language-features\dist\extension.js:1:183890)
[2020-04-13 08:21:51.512] [exthost] [info] ExtensionService#_doActivateExtension vscode.css-language-features {"startup":false,"extensionId":{"value":"vscode.css-language-features","_lower":"vscode.css-language-features"},"activationEvent":"onLanguage:css"}
[2020-04-13 08:21:51.515] [exthost] [info] ExtensionService#loadCommonJSModule file:///c:/Users/hp/AppData/Local/Programs/Microsoft VS Code/resources/app/extensions/css-language-features/client/dist/cssMain
[2020-04-13 10:29:50.138] [exthost] [error] [vscode.typescript-language-features] provider FAILED
[2020-04-13 10:29:50.139] [exthost] [error] Error: busy
	at a._provideSemanticTokens (c:\Users\hp\AppData\Local\Programs\Microsoft VS Code\resources\app\extensions\typescript-language-features\dist\extension.js:1:183890)
[2020-04-13 17:25:11.865] [exthost] [error] [vscode.typescript-language-features] provider FAILED
[2020-04-13 17:25:11.907] [exthost] [error] Error: busy
	at a._provideSemanticTokens (c:\Users\hp\AppData\Local\Programs\Microsoft VS Code\resources\app\extensions\typescript-language-features\dist\extension.js:1:183890)
[2020-04-13 17:25:20.542] [exthost] [error] [vscode.typescript-language-features] provider FAILED
[2020-04-13 17:25:20.542] [exthost] [error] Error: busy
	at a._provideSemanticTokens (c:\Users\hp\AppData\Local\Programs\Microsoft VS Code\resources\app\extensions\typescript-language-features\dist\extension.js:1:183890)
	at runNextTicks (internal/process/task_queues.js:58:5)
	at processTimers (internal/timers.js:472:9)
[2020-04-13 17:29:55.586] [exthost] [error] [vscode.typescript-language-features] provider FAILED
[2020-04-13 17:29:55.586] [exthost] [error] Error: busy
	at a._provideSemanticTokens (c:\Users\hp\AppData\Local\Programs\Microsoft VS Code\resources\app\extensions\typescript-language-features\dist\extension.js:1:183890)
[2020-04-13 17:29:56.892] [exthost] [error] [vscode.typescript-language-features] provider FAILED
[2020-04-13 17:29:56.892] [exthost] [error] Error: busy
	at a._provideSemanticTokens (c:\Users\hp\AppData\Local\Programs\Microsoft VS Code\resources\app\extensions\typescript-language-features\dist\extension.js:1:183890)
[2020-04-13 17:30:00.637] [exthost] [error] [vscode.typescript-language-features] provider FAILED
[2020-04-13 17:30:00.637] [exthost] [error] Error: busy
	at a._provideSemanticTokens (c:\Users\hp\AppData\Local\Programs\Microsoft VS Code\resources\app\extensions\typescript-language-features\dist\extension.js:1:183890)
[2020-04-13 17:30:03.612] [exthost] [error] [vscode.typescript-language-features] provider FAILED
[2020-04-13 17:30:03.612] [exthost] [error] Error: busy
	at a._provideSemanticTokens (c:\Users\hp\AppData\Local\Programs\Microsoft VS Code\resources\app\extensions\typescript-language-features\dist\extension.js:1:183890)
[2020-04-13 17:32:08.022] [exthost] [error] [vscode.typescript-language-features] provider FAILED
[2020-04-13 17:32:08.022] [exthost] [error] Error: busy
	at a._provideSemanticTokens (c:\Users\hp\AppData\Local\Programs\Microsoft VS Code\resources\app\extensions\typescript-language-features\dist\extension.js:1:183890)
[2020-04-13 17:32:10.055] [exthost] [error] [vscode.typescript-language-features] provider FAILED
[2020-04-13 17:32:10.055] [exthost] [error] Error: busy
	at a._provideSemanticTokens (c:\Users\hp\AppData\Local\Programs\Microsoft VS Code\resources\app\extensions\typescript-language-features\dist\extension.js:1:183890)
[2020-04-13 17:32:28.302] [exthost] [error] [vscode.typescript-language-features] provider FAILED
[2020-04-13 17:32:28.302] [exthost] [error] Error: busy
	at a._provideSemanticTokens (c:\Users\hp\AppData\Local\Programs\Microsoft VS Code\resources\app\extensions\typescript-language-features\dist\extension.js:1:183890)
[2020-04-13 17:32:31.987] [exthost] [error] [vscode.typescript-language-features] provider FAILED
[2020-04-13 17:32:31.987] [exthost] [error] Error: busy
	at a._provideSemanticTokens (c:\Users\hp\AppData\Local\Programs\Microsoft VS Code\resources\app\extensions\typescript-language-features\dist\extension.js:1:183890)
[2020-04-13 17:32:45.210] [exthost] [error] [vscode.typescript-language-features] provider FAILED
[2020-04-13 17:32:45.210] [exthost] [error] Error: DisposableStore is missing...
	at H._convertCompletionItem (c:\Users\hp\AppData\Local\Programs\Microsoft VS Code\resources\app\out\vs\workbench\services\extensions\node\extensionHostProcess.js:640:986)
	at c:\Users\hp\AppData\Local\Programs\Microsoft VS Code\resources\app\out\vs\workbench\services\extensions\node\extensionHostProcess.js:640:764
[2020-04-13 17:32:47.156] [exthost] [error] [vscode.typescript-language-features] provider FAILED
[2020-04-13 17:32:47.156] [exthost] [error] Error: busy
	at a._provideSemanticTokens (c:\Users\hp\AppData\Local\Programs\Microsoft VS Code\resources\app\extensions\typescript-language-features\dist\extension.js:1:183890)
[2020-04-13 17:32:50.352] [exthost] [error] [vscode.typescript-language-features] provider FAILED
[2020-04-13 17:32:50.352] [exthost] [error] Error: busy
	at a._provideSemanticTokens (c:\Users\hp\AppData\Local\Programs\Microsoft VS Code\resources\app\extensions\typescript-language-features\dist\extension.js:1:183890)
[2020-04-13 17:34:25.527] [exthost] [error] [vscode.typescript-language-features] provider FAILED
[2020-04-13 17:34:25.527] [exthost] [error] Error: busy
	at a._provideSemanticTokens (c:\Users\hp\AppData\Local\Programs\Microsoft VS Code\resources\app\extensions\typescript-language-features\dist\extension.js:1:183890)
[2020-04-13 17:34:57.790] [exthost] [error] [vscode.typescript-language-features] provider FAILED
[2020-04-13 17:34:57.791] [exthost] [error] Error: busy
	at a._provideSemanticTokens (c:\Users\hp\AppData\Local\Programs\Microsoft VS Code\resources\app\extensions\typescript-language-features\dist\extension.js:1:183890)
[2020-04-13 17:35:22.445] [exthost] [error] [vscode.typescript-language-features] provider FAILED
[2020-04-13 17:35:22.445] [exthost] [error] Error: busy
	at a._provideSemanticTokens (c:\Users\hp\AppData\Local\Programs\Microsoft VS Code\resources\app\extensions\typescript-language-features\dist\extension.js:1:183890)
[2020-04-13 17:35:39.492] [exthost] [error] [vscode.typescript-language-features] provider FAILED
[2020-04-13 17:35:39.493] [exthost] [error] Error: busy
	at a._provideSemanticTokens (c:\Users\hp\AppData\Local\Programs\Microsoft VS Code\resources\app\extensions\typescript-language-features\dist\extension.js:1:183890)
[2020-04-13 17:35:40.607] [exthost] [error] [vscode.typescript-language-features] provider FAILED
[2020-04-13 17:35:40.607] [exthost] [error] Error: busy
	at a._provideSemanticTokens (c:\Users\hp\AppData\Local\Programs\Microsoft VS Code\resources\app\extensions\typescript-language-features\dist\extension.js:1:183890)
[2020-04-13 17:35:52.473] [exthost] [error] [vscode.typescript-language-features] provider FAILED
[2020-04-13 17:35:52.473] [exthost] [error] Error: busy
	at a._provideSemanticTokens (c:\Users\hp\AppData\Local\Programs\Microsoft VS Code\resources\app\extensions\typescript-language-features\dist\extension.js:1:183890)
[2020-04-13 17:49:59.488] [exthost] [error] [vscode.typescript-language-features] provider FAILED
[2020-04-13 17:49:59.488] [exthost] [error] Error: busy
	at a._provideSemanticTokens (c:\Users\hp\AppData\Local\Programs\Microsoft VS Code\resources\app\extensions\typescript-language-features\dist\extension.js:1:183890)
[2020-04-13 17:50:02.258] [exthost] [error] [vscode.typescript-language-features] provider FAILED
[2020-04-13 17:50:02.258] [exthost] [error] Error: busy
	at a._provideSemanticTokens (c:\Users\hp\AppData\Local\Programs\Microsoft VS Code\resources\app\extensions\typescript-language-features\dist\extension.js:1:183890)
[2020-04-13 17:50:07.406] [exthost] [error] [vscode.typescript-language-features] provider FAILED
[2020-04-13 17:50:07.406] [exthost] [error] Error: busy
	at a._provideSemanticTokens (c:\Users\hp\AppData\Local\Programs\Microsoft VS Code\resources\app\extensions\typescript-language-features\dist\extension.js:1:183890)
[2020-04-13 17:50:10.557] [exthost] [error] [vscode.typescript-language-features] provider FAILED
[2020-04-13 17:50:10.557] [exthost] [error] Error: busy
	at a._provideSemanticTokens (c:\Users\hp\AppData\Local\Programs\Microsoft VS Code\resources\app\extensions\typescript-language-features\dist\extension.js:1:183890)
[2020-04-13 17:50:17.707] [exthost] [error] [vscode.typescript-language-features] provider FAILED
[2020-04-13 17:50:17.707] [exthost] [error] Error: busy
	at a._provideSemanticTokens (c:\Users\hp\AppData\Local\Programs\Microsoft VS Code\resources\app\extensions\typescript-language-features\dist\extension.js:1:183890)
[2020-04-13 17:50:21.778] [exthost] [error] [vscode.typescript-language-features] provider FAILED
[2020-04-13 17:50:21.778] [exthost] [error] Error: busy
	at a._provideSemanticTokens (c:\Users\hp\AppData\Local\Programs\Microsoft VS Code\resources\app\extensions\typescript-language-features\dist\extension.js:1:183890)
[2020-04-13 17:50:30.049] [exthost] [error] [vscode.typescript-language-features] provider FAILED
[2020-04-13 17:50:30.049] [exthost] [error] Error: busy
	at a._provideSemanticTokens (c:\Users\hp\AppData\Local\Programs\Microsoft VS Code\resources\app\extensions\typescript-language-features\dist\extension.js:1:183890)
[2020-04-13 17:50:45.544] [exthost] [error] [vscode.typescript-language-features] provider FAILED
[2020-04-13 17:50:45.544] [exthost] [error] Error: busy
	at a._provideSemanticTokens (c:\Users\hp\AppData\Local\Programs\Microsoft VS Code\resources\app\extensions\typescript-language-features\dist\extension.js:1:183890)
[2020-04-13 17:50:47.220] [exthost] [error] [vscode.typescript-language-features] provider FAILED
[2020-04-13 17:50:47.220] [exthost] [error] Error: busy
	at a._provideSemanticTokens (c:\Users\hp\AppData\Local\Programs\Microsoft VS Code\resources\app\extensions\typescript-language-features\dist\extension.js:1:183890)
[2020-04-13 17:50:50.009] [exthost] [error] [vscode.typescript-language-features] provider FAILED
[2020-04-13 17:50:50.010] [exthost] [error] Error: busy
	at a._provideSemanticTokens (c:\Users\hp\AppData\Local\Programs\Microsoft VS Code\resources\app\extensions\typescript-language-features\dist\extension.js:1:183890)
[2020-04-13 17:50:53.406] [exthost] [error] [vscode.typescript-language-features] provider FAILED
[2020-04-13 17:50:53.406] [exthost] [error] Error: busy
	at a._provideSemanticTokens (c:\Users\hp\AppData\Local\Programs\Microsoft VS Code\resources\app\extensions\typescript-language-features\dist\extension.js:1:183890)
[2020-04-13 17:50:55.917] [exthost] [error] [vscode.typescript-language-features] provider FAILED
[2020-04-13 17:50:55.917] [exthost] [error] Error: busy
	at a._provideSemanticTokens (c:\Users\hp\AppData\Local\Programs\Microsoft VS Code\resources\app\extensions\typescript-language-features\dist\extension.js:1:183890)
[2020-04-13 17:50:59.741] [exthost] [error] [vscode.typescript-language-features] provider FAILED
[2020-04-13 17:50:59.741] [exthost] [error] Error: busy
	at a._provideSemanticTokens (c:\Users\hp\AppData\Local\Programs\Microsoft VS Code\resources\app\extensions\typescript-language-features\dist\extension.js:1:183890)
[2020-04-13 17:51:05.722] [exthost] [error] [vscode.typescript-language-features] provider FAILED
[2020-04-13 17:51:05.722] [exthost] [error] Error: busy
	at a._provideSemanticTokens (c:\Users\hp\AppData\Local\Programs\Microsoft VS Code\resources\app\extensions\typescript-language-features\dist\extension.js:1:183890)
[2020-04-13 17:51:07.243] [exthost] [error] [vscode.typescript-language-features] provider FAILED
[2020-04-13 17:51:07.243] [exthost] [error] Error: busy
	at a._provideSemanticTokens (c:\Users\hp\AppData\Local\Programs\Microsoft VS Code\resources\app\extensions\typescript-language-features\dist\extension.js:1:183890)
[2020-04-13 17:51:11.078] [exthost] [error] [vscode.typescript-language-features] provider FAILED
[2020-04-13 17:51:11.078] [exthost] [error] Error: busy
	at a._provideSemanticTokens (c:\Users\hp\AppData\Local\Programs\Microsoft VS Code\resources\app\extensions\typescript-language-features\dist\extension.js:1:183890)
[2020-04-13 17:51:12.619] [exthost] [error] [vscode.typescript-language-features] provider FAILED
[2020-04-13 17:51:12.620] [exthost] [error] Error: busy
	at a._provideSemanticTokens (c:\Users\hp\AppData\Local\Programs\Microsoft VS Code\resources\app\extensions\typescript-language-features\dist\extension.js:1:183890)
[2020-04-13 17:52:52.431] [exthost] [error] [vscode.typescript-language-features] provider FAILED
[2020-04-13 17:52:52.431] [exthost] [error] Error: busy
	at a._provideSemanticTokens (c:\Users\hp\AppData\Local\Programs\Microsoft VS Code\resources\app\extensions\typescript-language-features\dist\extension.js:1:183890)
[2020-04-13 17:54:18.994] [exthost] [error] [vscode.typescript-language-features] provider FAILED
[2020-04-13 17:54:18.994] [exthost] [error] Error: busy
	at a._provideSemanticTokens (c:\Users\hp\AppData\Local\Programs\Microsoft VS Code\resources\app\extensions\typescript-language-features\dist\extension.js:1:183890)
[2020-04-13 17:54:55.686] [exthost] [error] [vscode.typescript-language-features] provider FAILED
[2020-04-13 17:54:55.686] [exthost] [error] Error: busy
	at a._provideSemanticTokens (c:\Users\hp\AppData\Local\Programs\Microsoft VS Code\resources\app\extensions\typescript-language-features\dist\extension.js:1:183890)
[2020-04-13 17:55:08.799] [exthost] [error] [vscode.typescript-language-features] provider FAILED
[2020-04-13 17:55:08.799] [exthost] [error] Error: busy
	at a._provideSemanticTokens (c:\Users\hp\AppData\Local\Programs\Microsoft VS Code\resources\app\extensions\typescript-language-features\dist\extension.js:1:183890)
[2020-04-13 17:56:13.086] [exthost] [error] [vscode.typescript-language-features] provider FAILED
[2020-04-13 17:56:13.086] [exthost] [error] Error: busy
	at a._provideSemanticTokens (c:\Users\hp\AppData\Local\Programs\Microsoft VS Code\resources\app\extensions\typescript-language-features\dist\extension.js:1:183890)
[2020-04-13 17:57:40.983] [exthost] [error] [vscode.typescript-language-features] provider FAILED
[2020-04-13 17:57:40.983] [exthost] [error] Error: busy
	at a._provideSemanticTokens (c:\Users\hp\AppData\Local\Programs\Microsoft VS Code\resources\app\extensions\typescript-language-features\dist\extension.js:1:183890)
[2020-04-13 17:57:45.718] [exthost] [error] [vscode.typescript-language-features] provider FAILED
[2020-04-13 17:57:45.718] [exthost] [error] Error: busy
	at a._provideSemanticTokens (c:\Users\hp\AppData\Local\Programs\Microsoft VS Code\resources\app\extensions\typescript-language-features\dist\extension.js:1:183890)
[2020-04-13 17:58:35.343] [exthost] [error] [vscode.typescript-language-features] provider FAILED
[2020-04-13 17:58:35.343] [exthost] [error] Error: busy
	at a._provideSemanticTokens (c:\Users\hp\AppData\Local\Programs\Microsoft VS Code\resources\app\extensions\typescript-language-features\dist\extension.js:1:183890)
[2020-04-13 17:58:36.171] [exthost] [error] [vscode.typescript-language-features] provider FAILED
[2020-04-13 17:58:36.171] [exthost] [error] Error: busy
	at a._provideSemanticTokens (c:\Users\hp\AppData\Local\Programs\Microsoft VS Code\resources\app\extensions\typescript-language-features\dist\extension.js:1:183890)
[2020-04-13 17:59:04.676] [exthost] [error] [vscode.typescript-language-features] provider FAILED
[2020-04-13 17:59:04.676] [exthost] [error] Error: busy
	at a._provideSemanticTokens (c:\Users\hp\AppData\Local\Programs\Microsoft VS Code\resources\app\extensions\typescript-language-features\dist\extension.js:1:183890)
[2020-04-13 18:04:19.837] [exthost] [error] [vscode.typescript-language-features] provider FAILED
[2020-04-13 18:04:19.837] [exthost] [error] Error: busy
	at a._provideSemanticTokens (c:\Users\hp\AppData\Local\Programs\Microsoft VS Code\resources\app\extensions\typescript-language-features\dist\extension.js:1:183890)
[2020-04-13 18:04:41.365] [exthost] [error] [vscode.typescript-language-features] provider FAILED
[2020-04-13 18:04:41.365] [exthost] [error] Error: busy
	at a._provideSemanticTokens (c:\Users\hp\AppData\Local\Programs\Microsoft VS Code\resources\app\extensions\typescript-language-features\dist\extension.js:1:183890)
[2020-04-13 18:04:44.447] [exthost] [error] [vscode.typescript-language-features] provider FAILED
[2020-04-13 18:04:44.447] [exthost] [error] Error: busy
	at a._provideSemanticTokens (c:\Users\hp\AppData\Local\Programs\Microsoft VS Code\resources\app\extensions\typescript-language-features\dist\extension.js:1:183890)
[2020-04-13 18:04:48.591] [exthost] [error] [vscode.typescript-language-features] provider FAILED
[2020-04-13 18:04:48.591] [exthost] [error] Error: busy
	at a._provideSemanticTokens (c:\Users\hp\AppData\Local\Programs\Microsoft VS Code\resources\app\extensions\typescript-language-features\dist\extension.js:1:183890)
[2020-04-13 18:04:57.541] [exthost] [error] [vscode.typescript-language-features] provider FAILED
[2020-04-13 18:04:57.541] [exthost] [error] Error: busy
	at a._provideSemanticTokens (c:\Users\hp\AppData\Local\Programs\Microsoft VS Code\resources\app\extensions\typescript-language-features\dist\extension.js:1:183890)
[2020-04-13 18:05:04.325] [exthost] [error] [vscode.typescript-language-features] provider FAILED
[2020-04-13 18:05:04.325] [exthost] [error] Error: busy
	at a._provideSemanticTokens (c:\Users\hp\AppData\Local\Programs\Microsoft VS Code\resources\app\extensions\typescript-language-features\dist\extension.js:1:183890)
[2020-04-13 18:05:16.825] [exthost] [error] [vscode.typescript-language-features] provider FAILED
[2020-04-13 18:05:16.825] [exthost] [error] Error: busy
	at a._provideSemanticTokens (c:\Users\hp\AppData\Local\Programs\Microsoft VS Code\resources\app\extensions\typescript-language-features\dist\extension.js:1:183890)
[2020-04-13 18:05:20.433] [exthost] [error] [vscode.typescript-language-features] provider FAILED
[2020-04-13 18:05:20.433] [exthost] [error] Error: busy
	at a._provideSemanticTokens (c:\Users\hp\AppData\Local\Programs\Microsoft VS Code\resources\app\extensions\typescript-language-features\dist\extension.js:1:183890)
[2020-04-13 18:05:23.332] [exthost] [error] [vscode.typescript-language-features] provider FAILED
[2020-04-13 18:05:23.332] [exthost] [error] Error: busy
	at a._provideSemanticTokens (c:\Users\hp\AppData\Local\Programs\Microsoft VS Code\resources\app\extensions\typescript-language-features\dist\extension.js:1:183890)
[2020-04-13 18:06:15.207] [exthost] [error] [vscode.typescript-language-features] provider FAILED
[2020-04-13 18:06:15.207] [exthost] [error] Error: busy
	at a._provideSemanticTokens (c:\Users\hp\AppData\Local\Programs\Microsoft VS Code\resources\app\extensions\typescript-language-features\dist\extension.js:1:183890)
[2020-04-13 18:08:28.197] [exthost] [error] [vscode.typescript-language-features] provider FAILED
[2020-04-13 18:08:28.197] [exthost] [error] Error: busy
	at a._provideSemanticTokens (c:\Users\hp\AppData\Local\Programs\Microsoft VS Code\resources\app\extensions\typescript-language-features\dist\extension.js:1:183890)
[2020-04-13 18:10:23.900] [exthost] [error] [vscode.typescript-language-features] provider FAILED
[2020-04-13 18:10:23.900] [exthost] [error] Error: busy
	at a._provideSemanticTokens (c:\Users\hp\AppData\Local\Programs\Microsoft VS Code\resources\app\extensions\typescript-language-features\dist\extension.js:1:183890)
[2020-04-13 18:11:58.225] [exthost] [error] [vscode.typescript-language-features] provider FAILED
[2020-04-13 18:11:58.226] [exthost] [error] Error: busy
	at a._provideSemanticTokens (c:\Users\hp\AppData\Local\Programs\Microsoft VS Code\resources\app\extensions\typescript-language-features\dist\extension.js:1:183890)
[2020-04-13 18:11:59.379] [exthost] [error] [vscode.typescript-language-features] provider FAILED
[2020-04-13 18:11:59.380] [exthost] [error] Error: busy
	at a._provideSemanticTokens (c:\Users\hp\AppData\Local\Programs\Microsoft VS Code\resources\app\extensions\typescript-language-features\dist\extension.js:1:183890)
[2020-04-13 18:12:03.159] [exthost] [error] [vscode.typescript-language-features] provider FAILED
[2020-04-13 18:12:03.159] [exthost] [error] Error: busy
	at a._provideSemanticTokens (c:\Users\hp\AppData\Local\Programs\Microsoft VS Code\resources\app\extensions\typescript-language-features\dist\extension.js:1:183890)
[2020-04-13 18:12:05.411] [exthost] [error] [vscode.typescript-language-features] provider FAILED
[2020-04-13 18:12:05.411] [exthost] [error] Error: busy
	at a._provideSemanticTokens (c:\Users\hp\AppData\Local\Programs\Microsoft VS Code\resources\app\extensions\typescript-language-features\dist\extension.js:1:183890)
[2020-04-13 18:13:01.567] [exthost] [error] [vscode.typescript-language-features] provider FAILED
[2020-04-13 18:13:01.568] [exthost] [error] Error: busy
	at a._provideSemanticTokens (c:\Users\hp\AppData\Local\Programs\Microsoft VS Code\resources\app\extensions\typescript-language-features\dist\extension.js:1:183890)
[2020-04-13 18:16:25.201] [exthost] [error] [vscode.typescript-language-features] provider FAILED
[2020-04-13 18:16:25.201] [exthost] [error] Error: busy
	at a._provideSemanticTokens (c:\Users\hp\AppData\Local\Programs\Microsoft VS Code\resources\app\extensions\typescript-language-features\dist\extension.js:1:183890)
[2020-04-13 18:16:27.384] [exthost] [error] [vscode.typescript-language-features] provider FAILED
[2020-04-13 18:16:27.384] [exthost] [error] Error: busy
	at a._provideSemanticTokens (c:\Users\hp\AppData\Local\Programs\Microsoft VS Code\resources\app\extensions\typescript-language-features\dist\extension.js:1:183890)
[2020-04-13 18:16:30.301] [exthost] [error] [vscode.typescript-language-features] provider FAILED
[2020-04-13 18:16:30.301] [exthost] [error] Error: busy
	at a._provideSemanticTokens (c:\Users\hp\AppData\Local\Programs\Microsoft VS Code\resources\app\extensions\typescript-language-features\dist\extension.js:1:183890)
[2020-04-13 18:16:35.441] [exthost] [error] [vscode.typescript-language-features] provider FAILED
[2020-04-13 18:16:35.441] [exthost] [error] Error: busy
	at a._provideSemanticTokens (c:\Users\hp\AppData\Local\Programs\Microsoft VS Code\resources\app\extensions\typescript-language-features\dist\extension.js:1:183890)
[2020-04-13 18:24:13.904] [exthost] [error] [vscode.typescript-language-features] provider FAILED
[2020-04-13 18:24:13.904] [exthost] [error] Error: busy
	at a._provideSemanticTokens (c:\Users\hp\AppData\Local\Programs\Microsoft VS Code\resources\app\extensions\typescript-language-features\dist\extension.js:1:183890)
[2020-04-14 08:59:26.822] [exthost] [error] [vscode.typescript-language-features] provider FAILED
[2020-04-14 08:59:26.822] [exthost] [error] Error: busy
	at a._provideSemanticTokens (c:\Users\hp\AppData\Local\Programs\Microsoft VS Code\resources\app\extensions\typescript-language-features\dist\extension.js:1:183890)
[2020-04-14 08:59:33.471] [exthost] [error] [vscode.typescript-language-features] provider FAILED
[2020-04-14 08:59:33.471] [exthost] [error] Error: busy
	at a._provideSemanticTokens (c:\Users\hp\AppData\Local\Programs\Microsoft VS Code\resources\app\extensions\typescript-language-features\dist\extension.js:1:183890)
[2020-04-14 10:17:07.823] [exthost] [error] [vscode.typescript-language-features] provider FAILED
[2020-04-14 10:17:07.823] [exthost] [error] Error: busy
	at a._provideSemanticTokens (c:\Users\hp\AppData\Local\Programs\Microsoft VS Code\resources\app\extensions\typescript-language-features\dist\extension.js:1:183890)
[2020-04-14 10:17:15.662] [exthost] [error] [vscode.typescript-language-features] provider FAILED
[2020-04-14 10:17:15.662] [exthost] [error] Error: busy
	at a._provideSemanticTokens (c:\Users\hp\AppData\Local\Programs\Microsoft VS Code\resources\app\extensions\typescript-language-features\dist\extension.js:1:183890)
[2020-04-14 10:17:20.800] [exthost] [error] [vscode.typescript-language-features] provider FAILED
[2020-04-14 10:17:20.800] [exthost] [error] Error: busy
	at a._provideSemanticTokens (c:\Users\hp\AppData\Local\Programs\Microsoft VS Code\resources\app\extensions\typescript-language-features\dist\extension.js:1:183890)
[2020-04-14 10:17:23.785] [exthost] [error] [vscode.typescript-language-features] provider FAILED
[2020-04-14 10:17:23.785] [exthost] [error] Error: busy
	at a._provideSemanticTokens (c:\Users\hp\AppData\Local\Programs\Microsoft VS Code\resources\app\extensions\typescript-language-features\dist\extension.js:1:183890)
[2020-04-14 10:17:30.620] [exthost] [error] [vscode.typescript-language-features] provider FAILED
[2020-04-14 10:17:30.621] [exthost] [error] Error: busy
	at a._provideSemanticTokens (c:\Users\hp\AppData\Local\Programs\Microsoft VS Code\resources\app\extensions\typescript-language-features\dist\extension.js:1:183890)
[2020-04-14 10:23:34.500] [exthost] [error] [vscode.typescript-language-features] provider FAILED
[2020-04-14 10:23:34.500] [exthost] [error] Error: busy
	at a._provideSemanticTokens (c:\Users\hp\AppData\Local\Programs\Microsoft VS Code\resources\app\extensions\typescript-language-features\dist\extension.js:1:183890)
[2020-04-14 10:23:37.670] [exthost] [error] [vscode.typescript-language-features] provider FAILED
[2020-04-14 10:23:37.670] [exthost] [error] Error: busy
	at a._provideSemanticTokens (c:\Users\hp\AppData\Local\Programs\Microsoft VS Code\resources\app\extensions\typescript-language-features\dist\extension.js:1:183890)
[2020-04-14 10:24:07.377] [exthost] [error] [vscode.typescript-language-features] provider FAILED
[2020-04-14 10:24:07.377] [exthost] [error] Error: busy
	at a._provideSemanticTokens (c:\Users\hp\AppData\Local\Programs\Microsoft VS Code\resources\app\extensions\typescript-language-features\dist\extension.js:1:183890)
[2020-04-14 10:24:10.326] [exthost] [error] [vscode.typescript-language-features] provider FAILED
[2020-04-14 10:24:10.326] [exthost] [error] Error: busy
	at a._provideSemanticTokens (c:\Users\hp\AppData\Local\Programs\Microsoft VS Code\resources\app\extensions\typescript-language-features\dist\extension.js:1:183890)
[2020-04-14 10:35:11.853] [exthost] [error] [vscode.typescript-language-features] provider FAILED
[2020-04-14 10:35:11.853] [exthost] [error] Error: busy
	at a._provideSemanticTokens (c:\Users\hp\AppData\Local\Programs\Microsoft VS Code\resources\app\extensions\typescript-language-features\dist\extension.js:1:183890)
[2020-04-14 10:35:13.919] [exthost] [error] [vscode.typescript-language-features] provider FAILED
[2020-04-14 10:35:13.919] [exthost] [error] Error: busy
	at a._provideSemanticTokens (c:\Users\hp\AppData\Local\Programs\Microsoft VS Code\resources\app\extensions\typescript-language-features\dist\extension.js:1:183890)
[2020-04-14 10:35:16.574] [exthost] [error] [vscode.typescript-language-features] provider FAILED
[2020-04-14 10:35:16.574] [exthost] [error] Error: busy
	at a._provideSemanticTokens (c:\Users\hp\AppData\Local\Programs\Microsoft VS Code\resources\app\extensions\typescript-language-features\dist\extension.js:1:183890)
[2020-04-14 10:35:18.748] [exthost] [error] [vscode.typescript-language-features] provider FAILED
[2020-04-14 10:35:18.748] [exthost] [error] Error: busy
	at a._provideSemanticTokens (c:\Users\hp\AppData\Local\Programs\Microsoft VS Code\resources\app\extensions\typescript-language-features\dist\extension.js:1:183890)
[2020-04-14 10:35:21.414] [exthost] [error] [vscode.typescript-language-features] provider FAILED
[2020-04-14 10:35:21.414] [exthost] [error] Error: busy
	at a._provideSemanticTokens (c:\Users\hp\AppData\Local\Programs\Microsoft VS Code\resources\app\extensions\typescript-language-features\dist\extension.js:1:183890)
[2020-04-14 10:35:27.220] [exthost] [error] [vscode.typescript-language-features] provider FAILED
[2020-04-14 10:35:27.221] [exthost] [error] Error: busy
	at a._provideSemanticTokens (c:\Users\hp\AppData\Local\Programs\Microsoft VS Code\resources\app\extensions\typescript-language-features\dist\extension.js:1:183890)
[2020-04-14 10:35:34.787] [exthost] [error] [vscode.typescript-language-features] provider FAILED
[2020-04-14 10:35:34.787] [exthost] [error] Error: busy
	at a._provideSemanticTokens (c:\Users\hp\AppData\Local\Programs\Microsoft VS Code\resources\app\extensions\typescript-language-features\dist\extension.js:1:183890)
[2020-04-14 10:35:44.874] [exthost] [error] [vscode.typescript-language-features] provider FAILED
[2020-04-14 10:35:44.874] [exthost] [error] Error: busy
	at a._provideSemanticTokens (c:\Users\hp\AppData\Local\Programs\Microsoft VS Code\resources\app\extensions\typescript-language-features\dist\extension.js:1:183890)
[2020-04-14 10:35:48.996] [exthost] [error] [vscode.typescript-language-features] provider FAILED
[2020-04-14 10:35:48.996] [exthost] [error] Error: busy
	at a._provideSemanticTokens (c:\Users\hp\AppData\Local\Programs\Microsoft VS Code\resources\app\extensions\typescript-language-features\dist\extension.js:1:183890)
[2020-04-14 10:35:52.289] [exthost] [error] [vscode.typescript-language-features] provider FAILED
[2020-04-14 10:35:52.289] [exthost] [error] Error: busy
	at a._provideSemanticTokens (c:\Users\hp\AppData\Local\Programs\Microsoft VS Code\resources\app\extensions\typescript-language-features\dist\extension.js:1:183890)
[2020-04-14 10:35:54.828] [exthost] [error] [vscode.typescript-language-features] provider FAILED
[2020-04-14 10:35:54.828] [exthost] [error] Error: busy
	at a._provideSemanticTokens (c:\Users\hp\AppData\Local\Programs\Microsoft VS Code\resources\app\extensions\typescript-language-features\dist\extension.js:1:183890)
[2020-04-14 10:36:05.434] [exthost] [error] [vscode.typescript-language-features] provider FAILED
[2020-04-14 10:36:05.434] [exthost] [error] Error: busy
	at a._provideSemanticTokens (c:\Users\hp\AppData\Local\Programs\Microsoft VS Code\resources\app\extensions\typescript-language-features\dist\extension.js:1:183890)
[2020-04-14 10:36:06.236] [exthost] [error] [vscode.typescript-language-features] provider FAILED
[2020-04-14 10:36:06.236] [exthost] [error] Error: busy
	at a._provideSemanticTokens (c:\Users\hp\AppData\Local\Programs\Microsoft VS Code\resources\app\extensions\typescript-language-features\dist\extension.js:1:183890)
[2020-04-14 10:36:12.588] [exthost] [error] [vscode.typescript-language-features] provider FAILED
[2020-04-14 10:36:12.588] [exthost] [error] Error: busy
	at a._provideSemanticTokens (c:\Users\hp\AppData\Local\Programs\Microsoft VS Code\resources\app\extensions\typescript-language-features\dist\extension.js:1:183890)
[2020-04-14 10:36:16.337] [exthost] [error] [vscode.typescript-language-features] provider FAILED
[2020-04-14 10:36:16.338] [exthost] [error] Error: busy
	at a._provideSemanticTokens (c:\Users\hp\AppData\Local\Programs\Microsoft VS Code\resources\app\extensions\typescript-language-features\dist\extension.js:1:183890)
[2020-04-14 10:38:32.178] [exthost] [error] [vscode.typescript-language-features] provider FAILED
[2020-04-14 10:38:32.178] [exthost] [error] Error: busy
	at a._provideSemanticTokens (c:\Users\hp\AppData\Local\Programs\Microsoft VS Code\resources\app\extensions\typescript-language-features\dist\extension.js:1:183890)
[2020-04-14 10:38:35.352] [exthost] [error] [vscode.typescript-language-features] provider FAILED
[2020-04-14 10:38:35.352] [exthost] [error] Error: busy
	at a._provideSemanticTokens (c:\Users\hp\AppData\Local\Programs\Microsoft VS Code\resources\app\extensions\typescript-language-features\dist\extension.js:1:183890)
[2020-04-14 10:38:48.315] [exthost] [error] [vscode.typescript-language-features] provider FAILED
[2020-04-14 10:38:48.315] [exthost] [error] Error: busy
	at a._provideSemanticTokens (c:\Users\hp\AppData\Local\Programs\Microsoft VS Code\resources\app\extensions\typescript-language-features\dist\extension.js:1:183890)
[2020-04-14 10:38:49.890] [exthost] [error] [vscode.typescript-language-features] provider FAILED
[2020-04-14 10:38:49.890] [exthost] [error] Error: busy
	at a._provideSemanticTokens (c:\Users\hp\AppData\Local\Programs\Microsoft VS Code\resources\app\extensions\typescript-language-features\dist\extension.js:1:183890)
[2020-04-14 10:39:51.888] [exthost] [error] [vscode.typescript-language-features] provider FAILED
[2020-04-14 10:39:51.888] [exthost] [error] Error: busy
	at a._provideSemanticTokens (c:\Users\hp\AppData\Local\Programs\Microsoft VS Code\resources\app\extensions\typescript-language-features\dist\extension.js:1:183890)
[2020-04-14 10:39:55.548] [exthost] [error] [vscode.typescript-language-features] provider FAILED
[2020-04-14 10:39:55.549] [exthost] [error] Error: busy
	at a._provideSemanticTokens (c:\Users\hp\AppData\Local\Programs\Microsoft VS Code\resources\app\extensions\typescript-language-features\dist\extension.js:1:183890)
[2020-04-14 10:39:58.604] [exthost] [error] [vscode.typescript-language-features] provider FAILED
[2020-04-14 10:39:58.604] [exthost] [error] Error: busy
	at a._provideSemanticTokens (c:\Users\hp\AppData\Local\Programs\Microsoft VS Code\resources\app\extensions\typescript-language-features\dist\extension.js:1:183890)
[2020-04-14 10:40:01.453] [exthost] [error] [vscode.typescript-language-features] provider FAILED
[2020-04-14 10:40:01.453] [exthost] [error] Error: busy
	at a._provideSemanticTokens (c:\Users\hp\AppData\Local\Programs\Microsoft VS Code\resources\app\extensions\typescript-language-features\dist\extension.js:1:183890)
[2020-04-14 10:40:29.605] [exthost] [error] [vscode.typescript-language-features] provider FAILED
[2020-04-14 10:40:29.605] [exthost] [error] Error: busy
	at a._provideSemanticTokens (c:\Users\hp\AppData\Local\Programs\Microsoft VS Code\resources\app\extensions\typescript-language-features\dist\extension.js:1:183890)
[2020-04-14 10:40:36.092] [exthost] [error] [vscode.typescript-language-features] provider FAILED
[2020-04-14 10:40:36.092] [exthost] [error] Error: busy
	at a._provideSemanticTokens (c:\Users\hp\AppData\Local\Programs\Microsoft VS Code\resources\app\extensions\typescript-language-features\dist\extension.js:1:183890)
[2020-04-14 10:40:37.452] [exthost] [error] [vscode.typescript-language-features] provider FAILED
[2020-04-14 10:40:37.452] [exthost] [error] Error: busy
	at a._provideSemanticTokens (c:\Users\hp\AppData\Local\Programs\Microsoft VS Code\resources\app\extensions\typescript-language-features\dist\extension.js:1:183890)
[2020-04-14 10:41:47.022] [exthost] [error] [vscode.typescript-language-features] provider FAILED
[2020-04-14 10:41:47.022] [exthost] [error] Error: busy
	at a._provideSemanticTokens (c:\Users\hp\AppData\Local\Programs\Microsoft VS Code\resources\app\extensions\typescript-language-features\dist\extension.js:1:183890)
[2020-04-14 10:41:50.191] [exthost] [error] [vscode.typescript-language-features] provider FAILED
[2020-04-14 10:41:50.191] [exthost] [error] Error: busy
	at a._provideSemanticTokens (c:\Users\hp\AppData\Local\Programs\Microsoft VS Code\resources\app\extensions\typescript-language-features\dist\extension.js:1:183890)
[2020-04-14 10:41:54.212] [exthost] [error] [vscode.typescript-language-features] provider FAILED
[2020-04-14 10:41:54.212] [exthost] [error] Error: busy
	at a._provideSemanticTokens (c:\Users\hp\AppData\Local\Programs\Microsoft VS Code\resources\app\extensions\typescript-language-features\dist\extension.js:1:183890)
[2020-04-14 11:04:24.657] [exthost] [error] [vscode.typescript-language-features] provider FAILED
[2020-04-14 11:04:24.658] [exthost] [error] Error: busy
	at a._provideSemanticTokens (c:\Users\hp\AppData\Local\Programs\Microsoft VS Code\resources\app\extensions\typescript-language-features\dist\extension.js:1:183890)
[2020-04-14 11:04:28.504] [exthost] [error] [vscode.typescript-language-features] provider FAILED
[2020-04-14 11:04:28.504] [exthost] [error] Error: busy
	at a._provideSemanticTokens (c:\Users\hp\AppData\Local\Programs\Microsoft VS Code\resources\app\extensions\typescript-language-features\dist\extension.js:1:183890)
[2020-04-14 11:04:38.305] [exthost] [error] [vscode.typescript-language-features] provider FAILED
[2020-04-14 11:04:38.305] [exthost] [error] Error: busy
	at a._provideSemanticTokens (c:\Users\hp\AppData\Local\Programs\Microsoft VS Code\resources\app\extensions\typescript-language-features\dist\extension.js:1:183890)
[2020-04-14 11:04:45.135] [exthost] [error] [vscode.typescript-language-features] provider FAILED
[2020-04-14 11:04:45.135] [exthost] [error] Error: busy
	at a._provideSemanticTokens (c:\Users\hp\AppData\Local\Programs\Microsoft VS Code\resources\app\extensions\typescript-language-features\dist\extension.js:1:183890)
[2020-04-14 11:05:07.424] [exthost] [error] [vscode.typescript-language-features] provider FAILED
[2020-04-14 11:05:07.424] [exthost] [error] Error: busy
	at a._provideSemanticTokens (c:\Users\hp\AppData\Local\Programs\Microsoft VS Code\resources\app\extensions\typescript-language-features\dist\extension.js:1:183890)
