[2020-04-09 09:43:33.797] [exthost] [info] extension host started
[2020-04-09 09:43:33.962] [exthost] [info] ExtensionService#_doActivateExtension vscode.emmet {"startup":false,"extensionId":{"value":"vscode.emmet","_lower":"vscode.emmet"},"activationEvent":"onLanguage:html"}
[2020-04-09 09:43:33.963] [exthost] [info] ExtensionService#loadCommonJSModule file:///c:/Users/hp/AppData/Local/Programs/Microsoft VS Code/resources/app/extensions/emmet/dist/extension
[2020-04-09 09:43:34.169] [exthost] [info] ExtensionService#_doActivateExtension vscode.html-language-features {"startup":false,"extensionId":{"value":"vscode.html-language-features","_lower":"vscode.html-language-features"},"activationEvent":"onLanguage:html"}
[2020-04-09 09:43:34.169] [exthost] [info] ExtensionService#loadCommonJSModule file:///c:/Users/hp/AppData/Local/Programs/Microsoft VS Code/resources/app/extensions/html-language-features/client/dist/htmlMain
[2020-04-09 09:43:34.269] [exthost] [info] ExtensionService#_doActivateExtension vscode.debug-auto-launch {"startup":true,"extensionId":{"value":"vscode.debug-auto-launch","_lower":"vscode.debug-auto-launch"},"activationEvent":"*"}
[2020-04-09 09:43:34.269] [exthost] [info] ExtensionService#loadCommonJSModule file:///c:/Users/hp/AppData/Local/Programs/Microsoft VS Code/resources/app/extensions/debug-auto-launch/dist/extension
[2020-04-09 09:43:34.343] [exthost] [info] ExtensionService#_doActivateExtension vscode.git {"startup":true,"extensionId":{"value":"vscode.git","_lower":"vscode.git"},"activationEvent":"*"}
[2020-04-09 09:43:34.343] [exthost] [info] ExtensionService#loadCommonJSModule file:///c:/Users/hp/AppData/Local/Programs/Microsoft VS Code/resources/app/extensions/git/dist/main
[2020-04-09 09:43:34.524] [exthost] [info] ExtensionService#_doActivateExtension vscode.github-authentication {"startup":true,"extensionId":{"value":"vscode.github-authentication","_lower":"vscode.github-authentication"},"activationEvent":"*"}
[2020-04-09 09:43:34.524] [exthost] [info] ExtensionService#loadCommonJSModule file:///c:/Users/hp/AppData/Local/Programs/Microsoft VS Code/resources/app/extensions/github-authentication/dist/extension.js
[2020-04-09 09:43:34.677] [exthost] [info] ExtensionService#_doActivateExtension vscode.merge-conflict {"startup":true,"extensionId":{"value":"vscode.merge-conflict","_lower":"vscode.merge-conflict"},"activationEvent":"*"}
[2020-04-09 09:43:34.677] [exthost] [info] ExtensionService#loadCommonJSModule file:///c:/Users/hp/AppData/Local/Programs/Microsoft VS Code/resources/app/extensions/merge-conflict/dist/extension
[2020-04-09 09:43:34.785] [exthost] [info] ExtensionService#_doActivateExtension vscode.search-result {"startup":true,"extensionId":{"value":"vscode.search-result","_lower":"vscode.search-result"},"activationEvent":"*"}
[2020-04-09 09:43:34.785] [exthost] [info] ExtensionService#loadCommonJSModule file:///c:/Users/hp/AppData/Local/Programs/Microsoft VS Code/resources/app/extensions/search-result/dist/extension.js
[2020-04-09 09:43:34.842] [exthost] [info] ExtensionService#_doActivateExtension vscode.vscode-account {"startup":true,"extensionId":{"value":"vscode.vscode-account","_lower":"vscode.vscode-account"},"activationEvent":"*"}
[2020-04-09 09:43:34.842] [exthost] [info] ExtensionService#loadCommonJSModule file:///c:/Users/hp/AppData/Local/Programs/Microsoft VS Code/resources/app/extensions/vscode-account/dist/extension.js
[2020-04-09 09:43:35.007] [exthost] [info] ExtensionService#_doActivateExtension vscode.npm {"startup":true,"extensionId":{"value":"vscode.npm","_lower":"vscode.npm"},"activationEvent":"workspaceContains:package.json"}
[2020-04-09 09:43:35.007] [exthost] [info] ExtensionService#loadCommonJSModule file:///c:/Users/hp/AppData/Local/Programs/Microsoft VS Code/resources/app/extensions/npm/dist/main
[2020-04-09 09:43:35.557] [exthost] [info] eager extensions activated
[2020-04-09 09:48:04.559] [exthost] [info] ExtensionService#_doActivateExtension vscode.typescript-language-features {"startup":false,"extensionId":{"value":"vscode.typescript-language-features","_lower":"vscode.typescript-language-features"},"activationEvent":"onLanguage:javascript"}
[2020-04-09 09:48:04.559] [exthost] [info] ExtensionService#loadCommonJSModule file:///c:/Users/hp/AppData/Local/Programs/Microsoft VS Code/resources/app/extensions/typescript-language-features/dist/extension
[2020-04-09 09:48:17.623] [exthost] [error] [vscode.typescript-language-features] provider FAILED
[2020-04-09 09:48:17.625] [exthost] [error] Error: busy
	at a._provideSemanticTokens (c:\Users\hp\AppData\Local\Programs\Microsoft VS Code\resources\app\extensions\typescript-language-features\dist\extension.js:1:183890)
[2020-04-09 09:48:18.823] [exthost] [error] [vscode.typescript-language-features] provider FAILED
[2020-04-09 09:48:18.823] [exthost] [error] Error: busy
	at a._provideSemanticTokens (c:\Users\hp\AppData\Local\Programs\Microsoft VS Code\resources\app\extensions\typescript-language-features\dist\extension.js:1:183890)
[2020-04-09 09:48:20.305] [exthost] [error] [vscode.typescript-language-features] provider FAILED
[2020-04-09 09:48:20.306] [exthost] [error] Error: busy
	at a._provideSemanticTokens (c:\Users\hp\AppData\Local\Programs\Microsoft VS Code\resources\app\extensions\typescript-language-features\dist\extension.js:1:183890)
[2020-04-09 09:48:22.218] [exthost] [error] [vscode.typescript-language-features] provider FAILED
[2020-04-09 09:48:22.218] [exthost] [error] Error: busy
	at a._provideSemanticTokens (c:\Users\hp\AppData\Local\Programs\Microsoft VS Code\resources\app\extensions\typescript-language-features\dist\extension.js:1:183890)
[2020-04-09 09:48:46.378] [exthost] [error] [vscode.typescript-language-features] provider FAILED
[2020-04-09 09:48:46.378] [exthost] [error] Error: busy
	at a._provideSemanticTokens (c:\Users\hp\AppData\Local\Programs\Microsoft VS Code\resources\app\extensions\typescript-language-features\dist\extension.js:1:183890)
[2020-04-09 09:48:52.404] [exthost] [error] [vscode.typescript-language-features] provider FAILED
[2020-04-09 09:48:52.404] [exthost] [error] Error: busy
	at a._provideSemanticTokens (c:\Users\hp\AppData\Local\Programs\Microsoft VS Code\resources\app\extensions\typescript-language-features\dist\extension.js:1:183890)
[2020-04-09 09:52:07.448] [exthost] [error] [vscode.typescript-language-features] provider FAILED
[2020-04-09 09:52:07.448] [exthost] [error] Error: busy
	at a._provideSemanticTokens (c:\Users\hp\AppData\Local\Programs\Microsoft VS Code\resources\app\extensions\typescript-language-features\dist\extension.js:1:183890)
[2020-04-09 09:52:17.593] [exthost] [info] [vscode.typescript-language-features] UNSAVE result from 'resolveCompletionItem', extension SHOULD NOT change any of: additionalTextEdits, or command
[2020-04-09 09:52:19.016] [exthost] [error] [vscode.typescript-language-features] provider FAILED
[2020-04-09 09:52:19.016] [exthost] [error] Error: busy
	at a._provideSemanticTokens (c:\Users\hp\AppData\Local\Programs\Microsoft VS Code\resources\app\extensions\typescript-language-features\dist\extension.js:1:183890)
[2020-04-09 09:52:23.697] [exthost] [error] [vscode.typescript-language-features] provider FAILED
[2020-04-09 09:52:23.698] [exthost] [error] Error: busy
	at a._provideSemanticTokens (c:\Users\hp\AppData\Local\Programs\Microsoft VS Code\resources\app\extensions\typescript-language-features\dist\extension.js:1:183890)
[2020-04-09 09:52:30.734] [exthost] [error] [vscode.typescript-language-features] provider FAILED
[2020-04-09 09:52:30.734] [exthost] [error] Error: busy
	at a._provideSemanticTokens (c:\Users\hp\AppData\Local\Programs\Microsoft VS Code\resources\app\extensions\typescript-language-features\dist\extension.js:1:183890)
[2020-04-09 09:52:36.441] [exthost] [error] [vscode.typescript-language-features] provider FAILED
[2020-04-09 09:52:36.441] [exthost] [error] Error: busy
	at a._provideSemanticTokens (c:\Users\hp\AppData\Local\Programs\Microsoft VS Code\resources\app\extensions\typescript-language-features\dist\extension.js:1:183890)
[2020-04-09 09:52:49.252] [exthost] [error] [vscode.typescript-language-features] provider FAILED
[2020-04-09 09:52:49.252] [exthost] [error] Error: busy
	at a._provideSemanticTokens (c:\Users\hp\AppData\Local\Programs\Microsoft VS Code\resources\app\extensions\typescript-language-features\dist\extension.js:1:183890)
[2020-04-09 09:52:49.928] [exthost] [info] ExtensionService#_doActivateExtension vscode.extension-editing {"startup":false,"extensionId":{"value":"vscode.extension-editing","_lower":"vscode.extension-editing"},"activationEvent":"onLanguage:typescript"}
[2020-04-09 09:52:49.929] [exthost] [info] ExtensionService#loadCommonJSModule file:///c:/Users/hp/AppData/Local/Programs/Microsoft VS Code/resources/app/extensions/extension-editing/dist/extension
[2020-04-09 09:53:33.886] [exthost] [error] [vscode.typescript-language-features] provider FAILED
[2020-04-09 09:53:33.887] [exthost] [error] Error: busy
	at a._provideSemanticTokens (c:\Users\hp\AppData\Local\Programs\Microsoft VS Code\resources\app\extensions\typescript-language-features\dist\extension.js:1:183890)
[2020-04-09 09:53:36.718] [exthost] [error] [vscode.typescript-language-features] provider FAILED
[2020-04-09 09:53:36.719] [exthost] [error] Error: busy
	at a._provideSemanticTokens (c:\Users\hp\AppData\Local\Programs\Microsoft VS Code\resources\app\extensions\typescript-language-features\dist\extension.js:1:183890)
[2020-04-09 09:53:40.373] [exthost] [error] [vscode.typescript-language-features] provider FAILED
[2020-04-09 09:53:40.373] [exthost] [error] Error: busy
	at a._provideSemanticTokens (c:\Users\hp\AppData\Local\Programs\Microsoft VS Code\resources\app\extensions\typescript-language-features\dist\extension.js:1:183890)
[2020-04-09 09:53:47.679] [exthost] [error] [vscode.typescript-language-features] provider FAILED
[2020-04-09 09:53:47.680] [exthost] [error] Error: busy
	at a._provideSemanticTokens (c:\Users\hp\AppData\Local\Programs\Microsoft VS Code\resources\app\extensions\typescript-language-features\dist\extension.js:1:183890)
[2020-04-09 09:53:55.285] [exthost] [error] [vscode.typescript-language-features] provider FAILED
[2020-04-09 09:53:55.285] [exthost] [error] Error: busy
	at a._provideSemanticTokens (c:\Users\hp\AppData\Local\Programs\Microsoft VS Code\resources\app\extensions\typescript-language-features\dist\extension.js:1:183890)
[2020-04-09 09:53:58.586] [exthost] [error] [vscode.typescript-language-features] provider FAILED
[2020-04-09 09:53:58.586] [exthost] [error] Error: busy
	at a._provideSemanticTokens (c:\Users\hp\AppData\Local\Programs\Microsoft VS Code\resources\app\extensions\typescript-language-features\dist\extension.js:1:183890)
[2020-04-09 09:54:03.867] [exthost] [error] [vscode.typescript-language-features] provider FAILED
[2020-04-09 09:54:03.867] [exthost] [error] Error: busy
	at a._provideSemanticTokens (c:\Users\hp\AppData\Local\Programs\Microsoft VS Code\resources\app\extensions\typescript-language-features\dist\extension.js:1:183890)
[2020-04-09 09:54:30.667] [exthost] [error] [vscode.typescript-language-features] provider FAILED
[2020-04-09 09:54:30.667] [exthost] [error] Error: busy
	at a._provideSemanticTokens (c:\Users\hp\AppData\Local\Programs\Microsoft VS Code\resources\app\extensions\typescript-language-features\dist\extension.js:1:183890)
[2020-04-09 09:58:00.968] [exthost] [error] [vscode.typescript-language-features] provider FAILED
[2020-04-09 09:58:00.968] [exthost] [error] Error: busy
	at a._provideSemanticTokens (c:\Users\hp\AppData\Local\Programs\Microsoft VS Code\resources\app\extensions\typescript-language-features\dist\extension.js:1:183890)
[2020-04-09 09:58:02.283] [exthost] [error] [vscode.typescript-language-features] provider FAILED
[2020-04-09 09:58:02.283] [exthost] [error] Error: busy
	at a._provideSemanticTokens (c:\Users\hp\AppData\Local\Programs\Microsoft VS Code\resources\app\extensions\typescript-language-features\dist\extension.js:1:183890)
[2020-04-09 09:58:16.307] [exthost] [error] [vscode.typescript-language-features] provider FAILED
[2020-04-09 09:58:16.307] [exthost] [error] Error: busy
	at a._provideSemanticTokens (c:\Users\hp\AppData\Local\Programs\Microsoft VS Code\resources\app\extensions\typescript-language-features\dist\extension.js:1:183890)
[2020-04-09 09:58:19.583] [exthost] [error] [vscode.typescript-language-features] provider FAILED
[2020-04-09 09:58:19.584] [exthost] [error] Error: busy
	at a._provideSemanticTokens (c:\Users\hp\AppData\Local\Programs\Microsoft VS Code\resources\app\extensions\typescript-language-features\dist\extension.js:1:183890)
[2020-04-09 09:58:22.834] [exthost] [error] [vscode.typescript-language-features] provider FAILED
[2020-04-09 09:58:22.834] [exthost] [error] Error: busy
	at a._provideSemanticTokens (c:\Users\hp\AppData\Local\Programs\Microsoft VS Code\resources\app\extensions\typescript-language-features\dist\extension.js:1:183890)
[2020-04-09 09:59:45.023] [exthost] [error] [vscode.typescript-language-features] provider FAILED
[2020-04-09 09:59:45.023] [exthost] [error] Error: busy
	at a._provideSemanticTokens (c:\Users\hp\AppData\Local\Programs\Microsoft VS Code\resources\app\extensions\typescript-language-features\dist\extension.js:1:183890)
[2020-04-09 09:59:46.248] [exthost] [error] [vscode.typescript-language-features] provider FAILED
[2020-04-09 09:59:46.248] [exthost] [error] Error: busy
	at a._provideSemanticTokens (c:\Users\hp\AppData\Local\Programs\Microsoft VS Code\resources\app\extensions\typescript-language-features\dist\extension.js:1:183890)
[2020-04-09 09:59:56.946] [exthost] [error] [vscode.typescript-language-features] provider FAILED
[2020-04-09 09:59:56.946] [exthost] [error] Error: busy
	at a._provideSemanticTokens (c:\Users\hp\AppData\Local\Programs\Microsoft VS Code\resources\app\extensions\typescript-language-features\dist\extension.js:1:183890)
[2020-04-09 10:00:01.558] [exthost] [error] [vscode.typescript-language-features] provider FAILED
[2020-04-09 10:00:01.558] [exthost] [error] Error: busy
	at a._provideSemanticTokens (c:\Users\hp\AppData\Local\Programs\Microsoft VS Code\resources\app\extensions\typescript-language-features\dist\extension.js:1:183890)
[2020-04-09 10:01:05.987] [exthost] [error] [vscode.typescript-language-features] provider FAILED
[2020-04-09 10:01:05.987] [exthost] [error] Error: busy
	at a._provideSemanticTokens (c:\Users\hp\AppData\Local\Programs\Microsoft VS Code\resources\app\extensions\typescript-language-features\dist\extension.js:1:183890)
[2020-04-09 10:01:16.374] [exthost] [error] [vscode.typescript-language-features] provider FAILED
[2020-04-09 10:01:16.374] [exthost] [error] Error: busy
	at a._provideSemanticTokens (c:\Users\hp\AppData\Local\Programs\Microsoft VS Code\resources\app\extensions\typescript-language-features\dist\extension.js:1:183890)
[2020-04-09 10:01:17.998] [exthost] [error] [vscode.typescript-language-features] provider FAILED
[2020-04-09 10:01:17.998] [exthost] [error] Error: busy
	at a._provideSemanticTokens (c:\Users\hp\AppData\Local\Programs\Microsoft VS Code\resources\app\extensions\typescript-language-features\dist\extension.js:1:183890)
[2020-04-09 10:01:29.961] [exthost] [error] [vscode.typescript-language-features] provider FAILED
[2020-04-09 10:01:29.962] [exthost] [error] Error: busy
	at a._provideSemanticTokens (c:\Users\hp\AppData\Local\Programs\Microsoft VS Code\resources\app\extensions\typescript-language-features\dist\extension.js:1:183890)
[2020-04-09 10:01:48.174] [exthost] [error] [vscode.typescript-language-features] provider FAILED
[2020-04-09 10:01:48.174] [exthost] [error] Error: busy
	at a._provideSemanticTokens (c:\Users\hp\AppData\Local\Programs\Microsoft VS Code\resources\app\extensions\typescript-language-features\dist\extension.js:1:183890)
[2020-04-09 10:02:42.328] [exthost] [error] [vscode.typescript-language-features] provider FAILED
[2020-04-09 10:02:42.329] [exthost] [error] Error: busy
	at a._provideSemanticTokens (c:\Users\hp\AppData\Local\Programs\Microsoft VS Code\resources\app\extensions\typescript-language-features\dist\extension.js:1:183890)
[2020-04-09 10:02:44.289] [exthost] [error] [vscode.typescript-language-features] provider FAILED
[2020-04-09 10:02:44.290] [exthost] [error] Error: busy
	at a._provideSemanticTokens (c:\Users\hp\AppData\Local\Programs\Microsoft VS Code\resources\app\extensions\typescript-language-features\dist\extension.js:1:183890)
[2020-04-09 10:02:46.095] [exthost] [error] [vscode.typescript-language-features] provider FAILED
[2020-04-09 10:02:46.095] [exthost] [error] Error: busy
	at a._provideSemanticTokens (c:\Users\hp\AppData\Local\Programs\Microsoft VS Code\resources\app\extensions\typescript-language-features\dist\extension.js:1:183890)
[2020-04-09 10:02:51.056] [exthost] [error] [vscode.typescript-language-features] provider FAILED
[2020-04-09 10:02:51.056] [exthost] [error] Error: busy
	at a._provideSemanticTokens (c:\Users\hp\AppData\Local\Programs\Microsoft VS Code\resources\app\extensions\typescript-language-features\dist\extension.js:1:183890)
[2020-04-09 10:02:53.369] [exthost] [error] [vscode.typescript-language-features] provider FAILED
[2020-04-09 10:02:53.370] [exthost] [error] Error: busy
	at a._provideSemanticTokens (c:\Users\hp\AppData\Local\Programs\Microsoft VS Code\resources\app\extensions\typescript-language-features\dist\extension.js:1:183890)
[2020-04-09 10:02:59.656] [exthost] [error] [vscode.typescript-language-features] provider FAILED
[2020-04-09 10:02:59.656] [exthost] [error] Error: busy
	at a._provideSemanticTokens (c:\Users\hp\AppData\Local\Programs\Microsoft VS Code\resources\app\extensions\typescript-language-features\dist\extension.js:1:183890)
[2020-04-09 10:03:20.840] [exthost] [error] [vscode.typescript-language-features] provider FAILED
[2020-04-09 10:03:20.840] [exthost] [error] Error: busy
	at a._provideSemanticTokens (c:\Users\hp\AppData\Local\Programs\Microsoft VS Code\resources\app\extensions\typescript-language-features\dist\extension.js:1:183890)
[2020-04-09 10:04:24.741] [exthost] [error] [vscode.typescript-language-features] provider FAILED
[2020-04-09 10:04:24.741] [exthost] [error] Error: busy
	at a._provideSemanticTokens (c:\Users\hp\AppData\Local\Programs\Microsoft VS Code\resources\app\extensions\typescript-language-features\dist\extension.js:1:183890)
[2020-04-09 10:04:41.051] [exthost] [error] [vscode.typescript-language-features] provider FAILED
[2020-04-09 10:04:41.051] [exthost] [error] Error: busy
	at a._provideSemanticTokens (c:\Users\hp\AppData\Local\Programs\Microsoft VS Code\resources\app\extensions\typescript-language-features\dist\extension.js:1:183890)
[2020-04-09 10:05:52.991] [exthost] [error] [vscode.typescript-language-features] provider FAILED
[2020-04-09 10:05:52.991] [exthost] [error] Error: busy
	at a._provideSemanticTokens (c:\Users\hp\AppData\Local\Programs\Microsoft VS Code\resources\app\extensions\typescript-language-features\dist\extension.js:1:183890)
[2020-04-09 10:05:54.008] [exthost] [error] [vscode.typescript-language-features] provider FAILED
[2020-04-09 10:05:54.008] [exthost] [error] Error: busy
	at a._provideSemanticTokens (c:\Users\hp\AppData\Local\Programs\Microsoft VS Code\resources\app\extensions\typescript-language-features\dist\extension.js:1:183890)
[2020-04-09 10:07:05.169] [exthost] [error] [vscode.typescript-language-features] provider FAILED
[2020-04-09 10:07:05.170] [exthost] [error] Error: busy
	at a._provideSemanticTokens (c:\Users\hp\AppData\Local\Programs\Microsoft VS Code\resources\app\extensions\typescript-language-features\dist\extension.js:1:183890)
[2020-04-09 10:07:15.125] [exthost] [error] [vscode.typescript-language-features] provider FAILED
[2020-04-09 10:07:15.125] [exthost] [error] Error: busy
	at a._provideSemanticTokens (c:\Users\hp\AppData\Local\Programs\Microsoft VS Code\resources\app\extensions\typescript-language-features\dist\extension.js:1:183890)
[2020-04-09 10:07:50.758] [exthost] [error] [vscode.typescript-language-features] provider FAILED
[2020-04-09 10:07:50.758] [exthost] [error] Error: busy
	at a._provideSemanticTokens (c:\Users\hp\AppData\Local\Programs\Microsoft VS Code\resources\app\extensions\typescript-language-features\dist\extension.js:1:183890)
[2020-04-09 10:07:54.283] [exthost] [error] [vscode.typescript-language-features] provider FAILED
[2020-04-09 10:07:54.283] [exthost] [error] Error: busy
	at a._provideSemanticTokens (c:\Users\hp\AppData\Local\Programs\Microsoft VS Code\resources\app\extensions\typescript-language-features\dist\extension.js:1:183890)
[2020-04-09 10:08:13.918] [exthost] [error] [vscode.typescript-language-features] provider FAILED
[2020-04-09 10:08:13.918] [exthost] [error] Error: busy
	at a._provideSemanticTokens (c:\Users\hp\AppData\Local\Programs\Microsoft VS Code\resources\app\extensions\typescript-language-features\dist\extension.js:1:183890)
[2020-04-09 10:08:33.274] [exthost] [error] [vscode.typescript-language-features] provider FAILED
[2020-04-09 10:08:33.274] [exthost] [error] Error: busy
	at a._provideSemanticTokens (c:\Users\hp\AppData\Local\Programs\Microsoft VS Code\resources\app\extensions\typescript-language-features\dist\extension.js:1:183890)
[2020-04-09 10:08:36.485] [exthost] [error] [vscode.typescript-language-features] provider FAILED
[2020-04-09 10:08:36.485] [exthost] [error] Error: busy
	at a._provideSemanticTokens (c:\Users\hp\AppData\Local\Programs\Microsoft VS Code\resources\app\extensions\typescript-language-features\dist\extension.js:1:183890)
[2020-04-09 10:08:38.997] [exthost] [error] [vscode.typescript-language-features] provider FAILED
[2020-04-09 10:08:38.998] [exthost] [error] Error: busy
	at a._provideSemanticTokens (c:\Users\hp\AppData\Local\Programs\Microsoft VS Code\resources\app\extensions\typescript-language-features\dist\extension.js:1:183890)
[2020-04-09 10:08:42.266] [exthost] [error] [vscode.typescript-language-features] provider FAILED
[2020-04-09 10:08:42.266] [exthost] [error] Error: busy
	at a._provideSemanticTokens (c:\Users\hp\AppData\Local\Programs\Microsoft VS Code\resources\app\extensions\typescript-language-features\dist\extension.js:1:183890)
[2020-04-09 10:08:48.070] [exthost] [error] [vscode.typescript-language-features] provider FAILED
[2020-04-09 10:08:48.071] [exthost] [error] Error: busy
	at a._provideSemanticTokens (c:\Users\hp\AppData\Local\Programs\Microsoft VS Code\resources\app\extensions\typescript-language-features\dist\extension.js:1:183890)
[2020-04-09 10:08:51.403] [exthost] [error] [vscode.typescript-language-features] provider FAILED
[2020-04-09 10:08:51.403] [exthost] [error] Error: busy
	at a._provideSemanticTokens (c:\Users\hp\AppData\Local\Programs\Microsoft VS Code\resources\app\extensions\typescript-language-features\dist\extension.js:1:183890)
[2020-04-09 10:09:34.928] [exthost] [error] [vscode.typescript-language-features] provider FAILED
[2020-04-09 10:09:34.928] [exthost] [error] Error: busy
	at a._provideSemanticTokens (c:\Users\hp\AppData\Local\Programs\Microsoft VS Code\resources\app\extensions\typescript-language-features\dist\extension.js:1:183890)
[2020-04-09 10:09:36.779] [exthost] [error] [vscode.typescript-language-features] provider FAILED
[2020-04-09 10:09:36.779] [exthost] [error] Error: busy
	at a._provideSemanticTokens (c:\Users\hp\AppData\Local\Programs\Microsoft VS Code\resources\app\extensions\typescript-language-features\dist\extension.js:1:183890)
[2020-04-09 10:09:41.006] [exthost] [error] [vscode.typescript-language-features] provider FAILED
[2020-04-09 10:09:41.006] [exthost] [error] Error: busy
	at a._provideSemanticTokens (c:\Users\hp\AppData\Local\Programs\Microsoft VS Code\resources\app\extensions\typescript-language-features\dist\extension.js:1:183890)
[2020-04-09 10:09:43.155] [exthost] [error] [vscode.typescript-language-features] provider FAILED
[2020-04-09 10:09:43.155] [exthost] [error] Error: busy
	at a._provideSemanticTokens (c:\Users\hp\AppData\Local\Programs\Microsoft VS Code\resources\app\extensions\typescript-language-features\dist\extension.js:1:183890)
[2020-04-09 10:10:00.617] [exthost] [error] [vscode.typescript-language-features] provider FAILED
[2020-04-09 10:10:00.618] [exthost] [error] Error: busy
	at a._provideSemanticTokens (c:\Users\hp\AppData\Local\Programs\Microsoft VS Code\resources\app\extensions\typescript-language-features\dist\extension.js:1:183890)
[2020-04-09 10:10:21.397] [exthost] [error] [vscode.typescript-language-features] provider FAILED
[2020-04-09 10:10:21.397] [exthost] [error] Error: busy
	at a._provideSemanticTokens (c:\Users\hp\AppData\Local\Programs\Microsoft VS Code\resources\app\extensions\typescript-language-features\dist\extension.js:1:183890)
[2020-04-09 10:10:23.779] [exthost] [error] [vscode.typescript-language-features] provider FAILED
[2020-04-09 10:10:23.779] [exthost] [error] Error: busy
	at a._provideSemanticTokens (c:\Users\hp\AppData\Local\Programs\Microsoft VS Code\resources\app\extensions\typescript-language-features\dist\extension.js:1:183890)
