[2020-04-09 18:03:59.927] [main] [info] update#setState idle
[2020-04-09 18:04:29.928] [main] [info] update#setState checking for updates
[2020-04-09 18:04:30.071] [main] [info] update#setState idle
[2020-04-09 19:04:29.931] [main] [info] update#setState checking for updates
[2020-04-09 19:04:30.427] [main] [info] update#setState idle
[2020-04-09 22:08:04.686] [main] [info] update#setState checking for updates
[2020-04-09 22:08:04.808] [main] [error] Error: net::ERR_NETWORK_IO_SUSPENDED
    at SimpleURLLoaderWrapper.<anonymous> (electron/js2c/browser_init.js:2623:21)
    at SimpleURLLoaderWrapper.emit (events.js:203:13)
[2020-04-09 22:08:04.808] [main] [info] update#setState idle
[2020-04-09 23:35:30.919] [main] [info] update#setState checking for updates
[2020-04-09 23:35:30.938] [main] [error] Error: net::ERR_NETWORK_IO_SUSPENDED
    at SimpleURLLoaderWrapper.<anonymous> (electron/js2c/browser_init.js:2623:21)
    at SimpleURLLoaderWrapper.emit (events.js:203:13)
[2020-04-09 23:35:30.938] [main] [info] update#setState idle
[2020-04-10 02:35:37.005] [main] [info] update#setState checking for updates
[2020-04-10 02:35:37.140] [main] [error] Error: net::ERR_NETWORK_IO_SUSPENDED
    at SimpleURLLoaderWrapper.<anonymous> (electron/js2c/browser_init.js:2623:21)
    at SimpleURLLoaderWrapper.emit (events.js:203:13)
[2020-04-10 02:35:37.141] [main] [info] update#setState idle
[2020-04-13 08:04:16.164] [main] [info] update#setState checking for updates
[2020-04-13 08:04:16.197] [main] [error] Error: net::ERR_NETWORK_IO_SUSPENDED
    at SimpleURLLoaderWrapper.<anonymous> (electron/js2c/browser_init.js:2623:21)
    at SimpleURLLoaderWrapper.emit (events.js:203:13)
[2020-04-13 08:04:16.197] [main] [info] update#setState idle
[2020-04-13 09:04:16.168] [main] [info] update#setState checking for updates
[2020-04-13 09:04:16.810] [main] [info] update#setState idle
[2020-04-13 10:04:16.173] [main] [info] update#setState checking for updates
[2020-04-13 10:04:16.495] [main] [info] update#setState idle
[2020-04-13 11:04:16.185] [main] [info] update#setState checking for updates
[2020-04-13 11:04:16.596] [main] [info] update#setState idle
[2020-04-13 12:04:16.188] [main] [info] update#setState checking for updates
[2020-04-13 12:04:16.501] [main] [info] update#setState idle
[2020-04-13 15:53:36.898] [main] [info] update#setState checking for updates
[2020-04-13 15:53:36.919] [main] [error] Error: net::ERR_NETWORK_IO_SUSPENDED
    at SimpleURLLoaderWrapper.<anonymous> (electron/js2c/browser_init.js:2623:21)
    at SimpleURLLoaderWrapper.emit (events.js:203:13)
[2020-04-13 15:53:36.919] [main] [info] update#setState idle
[2020-04-13 16:53:19.416] [main] [info] update#setState checking for updates
[2020-04-13 16:53:20.121] [main] [info] update#setState idle
[2020-04-13 17:53:19.420] [main] [info] update#setState checking for updates
[2020-04-13 17:53:20.278] [main] [info] update#setState idle
[2020-04-13 18:53:20.950] [main] [info] update#setState checking for updates
[2020-04-13 18:53:21.476] [main] [info] update#setState idle
[2020-04-13 19:53:20.953] [main] [info] update#setState checking for updates
[2020-04-13 19:53:21.535] [main] [info] update#setState idle
[2020-04-13 23:05:36.041] [main] [info] update#setState checking for updates
[2020-04-13 23:05:36.404] [main] [error] Error: net::ERR_NETWORK_IO_SUSPENDED
    at SimpleURLLoaderWrapper.<anonymous> (electron/js2c/browser_init.js:2623:21)
    at SimpleURLLoaderWrapper.emit (events.js:203:13)
[2020-04-13 23:05:36.404] [main] [info] update#setState idle
[2020-04-14 08:04:01.008] [main] [info] update#setState checking for updates
[2020-04-14 08:04:01.014] [main] [error] Error: net::ERR_NETWORK_IO_SUSPENDED
    at SimpleURLLoaderWrapper.<anonymous> (electron/js2c/browser_init.js:2623:21)
    at SimpleURLLoaderWrapper.emit (events.js:203:13)
[2020-04-14 08:04:01.014] [main] [info] update#setState idle
[2020-04-14 09:04:01.011] [main] [info] update#setState checking for updates
[2020-04-14 09:04:02.004] [main] [info] update#setState idle
[2020-04-14 10:04:01.014] [main] [info] update#setState checking for updates
[2020-04-14 10:04:01.330] [main] [info] update#setState idle
[2020-04-14 11:04:01.018] [main] [info] update#setState checking for updates
[2020-04-14 11:04:01.340] [main] [info] update#setState idle
[2020-04-14 12:04:01.019] [main] [info] update#setState checking for updates
[2020-04-14 12:04:01.343] [main] [info] update#setState downloading
[2020-04-14 12:04:17.492] [main] [info] update#setState updating
[2020-04-14 12:04:55.073] [main] [info] update#setState ready
