Looking for git in: C:\Program Files\Git\cmd\git.exe
Using git 2.26.0.windows.1 from C:\Program Files\Git\cmd\git.exe
> git rev-parse --show-toplevel
> git rev-parse --git-dir
Open repository: c:\Users\hp\Documents\laboratoria\CDMX009-Social-Network
> git status -z -u
> git show :src/login.html
> git ls-files --stage -- C:\Users\hp\Documents\laboratoria\CDMX009-Social-Network\src\login.html
> git check-ignore -v -z --stdin
> git symbolic-ref --short HEAD
> git rev-parse shari
> git rev-parse --symbolic-full-name shari@{u}
fatal: no upstream configured for branch 'shari'
> git for-each-ref --format %(refname) %(objectname) --sort -committerdate
> git remote --verbose
> git config --get commit.template
> git rev-parse --show-toplevel
> git rev-parse --git-dir
Open repository: c:\Users\hp\Documents\laboratoria\red social
> git status -z -u
> git symbolic-ref --short HEAD
> git rev-parse master
> git rev-parse --symbolic-full-name master@{u}
> git check-ignore -v -z --stdin
> git check-ignore -v -z --stdin
> git rev-list --left-right master...refs/remotes/origin/master
> git for-each-ref --format %(refname) %(objectname) --sort -committerdate
> git remote --verbose
Failed to watch ref 'c:\Users\hp\Documents\laboratoria\red social\.git\refs\remotes\origin\master', is most likely packed.
Error: ENOENT: no such file or directory, watch 'c:\Users\hp\Documents\laboratoria\red social\.git\refs\remotes\origin\master'
	at FSWatcher.start (internal/fs/watchers.js:165:26)
	at Object.watch (fs.js:1270:11)
	at Object.t.watch (c:\Users\hp\AppData\Local\Programs\Microsoft VS Code\resources\app\extensions\git\dist\main.js:1:598241)
	at T.updateTransientWatchers (c:\Users\hp\AppData\Local\Programs\Microsoft VS Code\resources\app\extensions\git\dist\main.js:1:83843)
	at e.fire (c:\Users\hp\AppData\Local\Programs\Microsoft VS Code\resources\app\out\vs\workbench\services\extensions\node\extensionHostProcess.js:48:517)
	at e.updateModelState (c:\Users\hp\AppData\Local\Programs\Microsoft VS Code\resources\app\extensions\git\dist\main.js:1:102713)
> git config --get commit.template
> git show :src/index.html
> git ls-files --stage -- C:\Users\hp\Documents\laboratoria\CDMX009-Social-Network\src\index.html
> git cat-file -s c311f177bc050320069b5137ad8d5ac26d97812b
> git show :src/index.js
> git ls-files --stage -- C:\Users\hp\Documents\laboratoria\CDMX009-Social-Network\src\index.js
> git cat-file -s 65f0e458495926a60283fe5f09429e5e470a4f03
> git check-ignore -v -z --stdin
> git show :src/index.js
> git ls-files --stage -- C:\Users\hp\Documents\laboratoria\red social\src\index.js
> git cat-file -s 35868bab74c03555a401f27ffa0aa0425fa67147
> git show :src/index.js
> git ls-files --stage -- C:\Users\hp\Documents\laboratoria\CDMX009-Social-Network\src\index.js
> git cat-file -s 65f0e458495926a60283fe5f09429e5e470a4f03
> git show :src/index.html
> git ls-files --stage -- C:\Users\hp\Documents\laboratoria\CDMX009-Social-Network\src\index.html
> git cat-file -s c311f177bc050320069b5137ad8d5ac26d97812b
> git show :src/index.js
> git ls-files --stage -- C:\Users\hp\Documents\laboratoria\CDMX009-Social-Network\src\index.js
> git cat-file -s 65f0e458495926a60283fe5f09429e5e470a4f03
> git show :src/index.js
> git ls-files --stage -- C:\Users\hp\Documents\laboratoria\red social\src\index.js
> git cat-file -s 35868bab74c03555a401f27ffa0aa0425fa67147
> git check-ignore -v -z --stdin
> git show :src/index.js
> git ls-files --stage -- C:\Users\hp\Documents\laboratoria\CDMX009-Social-Network\src\index.js
> git cat-file -s 65f0e458495926a60283fe5f09429e5e470a4f03
> git check-ignore -v -z --stdin
> git status -z -u
> git symbolic-ref --short HEAD
> git rev-parse shari
> git rev-parse --symbolic-full-name shari@{u}
fatal: no upstream configured for branch 'shari'
> git for-each-ref --format %(refname) %(objectname) --sort -committerdate
> git remote --verbose
> git config --get commit.template
> git status -z -u
> git symbolic-ref --short HEAD
> git rev-parse shari
> git rev-parse --symbolic-full-name shari@{u}
fatal: no upstream configured for branch 'shari'
> git for-each-ref --format %(refname) %(objectname) --sort -committerdate
> git remote --verbose
> git config --get commit.template
> git status -z -u
> git symbolic-ref --short HEAD
> git rev-parse shari
> git rev-parse --symbolic-full-name shari@{u}
fatal: no upstream configured for branch 'shari'
> git for-each-ref --format %(refname) %(objectname) --sort -committerdate
> git remote --verbose
> git config --get commit.template
> git show :stylelint.config.js
> git ls-files --stage -- C:\Users\hp\Documents\laboratoria\CDMX009-Social-Network\stylelint.config.js
> git cat-file -s 4d600710e627dc877e6c2b0d9adabc863cba992b
> git show :src/index.js
> git ls-files --stage -- C:\Users\hp\Documents\laboratoria\CDMX009-Social-Network\src\index.js
> git cat-file -s 65f0e458495926a60283fe5f09429e5e470a4f03
> git status -z -u
> git symbolic-ref --short HEAD
> git rev-parse shari
> git rev-parse --symbolic-full-name shari@{u}
fatal: no upstream configured for branch 'shari'
> git for-each-ref --format %(refname) %(objectname) --sort -committerdate
> git remote --verbose
> git config --get commit.template
> git status -z -u
> git symbolic-ref --short HEAD
> git rev-parse shari
> git rev-parse --symbolic-full-name shari@{u}
fatal: no upstream configured for branch 'shari'
> git for-each-ref --format %(refname) %(objectname) --sort -committerdate
> git remote --verbose
> git config --get commit.template
> git show :src/login.html
> git ls-files --stage -- C:\Users\hp\Documents\laboratoria\CDMX009-Social-Network\src\login.html
> git show :src/index.html
> git ls-files --stage -- C:\Users\hp\Documents\laboratoria\CDMX009-Social-Network\src\index.html
> git cat-file -s c311f177bc050320069b5137ad8d5ac26d97812b
> git show :src/index.js
> git ls-files --stage -- C:\Users\hp\Documents\laboratoria\CDMX009-Social-Network\src\index.js
> git cat-file -s 65f0e458495926a60283fe5f09429e5e470a4f03
