[2020-04-14 15:46:46.788] [exthost] [info] extension host started
[2020-04-14 15:46:46.916] [exthost] [info] ExtensionService#_doActivateExtension vscode.emmet {"startup":false,"extensionId":{"value":"vscode.emmet","_lower":"vscode.emmet"},"activationEvent":"onLanguage:html"}
[2020-04-14 15:46:46.917] [exthost] [info] ExtensionService#loadCommonJSModule file:///c:/Users/hp/AppData/Local/Programs/Microsoft VS Code/resources/app/extensions/emmet/dist/extension
[2020-04-14 15:46:47.048] [exthost] [info] ExtensionService#_doActivateExtension vscode.html-language-features {"startup":false,"extensionId":{"value":"vscode.html-language-features","_lower":"vscode.html-language-features"},"activationEvent":"onLanguage:html"}
[2020-04-14 15:46:47.048] [exthost] [info] ExtensionService#loadCommonJSModule file:///c:/Users/hp/AppData/Local/Programs/Microsoft VS Code/resources/app/extensions/html-language-features/client/dist/htmlMain
[2020-04-14 15:46:47.262] [exthost] [info] ExtensionService#_doActivateExtension vscode.debug-auto-launch {"startup":true,"extensionId":{"value":"vscode.debug-auto-launch","_lower":"vscode.debug-auto-launch"},"activationEvent":"*"}
[2020-04-14 15:46:47.262] [exthost] [info] ExtensionService#loadCommonJSModule file:///c:/Users/hp/AppData/Local/Programs/Microsoft VS Code/resources/app/extensions/debug-auto-launch/dist/extension
[2020-04-14 15:46:47.317] [exthost] [info] ExtensionService#_doActivateExtension vscode.git {"startup":true,"extensionId":{"value":"vscode.git","_lower":"vscode.git"},"activationEvent":"*"}
[2020-04-14 15:46:47.317] [exthost] [info] ExtensionService#loadCommonJSModule file:///c:/Users/hp/AppData/Local/Programs/Microsoft VS Code/resources/app/extensions/git/dist/main
[2020-04-14 15:46:47.534] [exthost] [info] ExtensionService#_doActivateExtension vscode.github-authentication {"startup":true,"extensionId":{"value":"vscode.github-authentication","_lower":"vscode.github-authentication"},"activationEvent":"*"}
[2020-04-14 15:46:47.535] [exthost] [info] ExtensionService#loadCommonJSModule file:///c:/Users/hp/AppData/Local/Programs/Microsoft VS Code/resources/app/extensions/github-authentication/dist/extension.js
[2020-04-14 15:46:47.634] [exthost] [info] ExtensionService#_doActivateExtension vscode.merge-conflict {"startup":true,"extensionId":{"value":"vscode.merge-conflict","_lower":"vscode.merge-conflict"},"activationEvent":"*"}
[2020-04-14 15:46:47.634] [exthost] [info] ExtensionService#loadCommonJSModule file:///c:/Users/hp/AppData/Local/Programs/Microsoft VS Code/resources/app/extensions/merge-conflict/dist/extension
[2020-04-14 15:46:47.684] [exthost] [info] ExtensionService#_doActivateExtension vscode.search-result {"startup":true,"extensionId":{"value":"vscode.search-result","_lower":"vscode.search-result"},"activationEvent":"*"}
[2020-04-14 15:46:47.684] [exthost] [info] ExtensionService#loadCommonJSModule file:///c:/Users/hp/AppData/Local/Programs/Microsoft VS Code/resources/app/extensions/search-result/dist/extension.js
[2020-04-14 15:46:47.708] [exthost] [info] ExtensionService#_doActivateExtension vscode.vscode-account {"startup":true,"extensionId":{"value":"vscode.vscode-account","_lower":"vscode.vscode-account"},"activationEvent":"*"}
[2020-04-14 15:46:47.708] [exthost] [info] ExtensionService#loadCommonJSModule file:///c:/Users/hp/AppData/Local/Programs/Microsoft VS Code/resources/app/extensions/vscode-account/dist/extension.js
[2020-04-14 15:46:47.794] [exthost] [info] ExtensionService#_doActivateExtension vscode.npm {"startup":true,"extensionId":{"value":"vscode.npm","_lower":"vscode.npm"},"activationEvent":"workspaceContains:package.json"}
[2020-04-14 15:46:47.794] [exthost] [info] ExtensionService#loadCommonJSModule file:///c:/Users/hp/AppData/Local/Programs/Microsoft VS Code/resources/app/extensions/npm/dist/main
[2020-04-14 15:46:48.534] [exthost] [info] eager extensions activated
[2020-04-14 15:46:48.587] [exthost] [info] ExtensionService#_doActivateExtension vscode.configuration-editing {"startup":false,"extensionId":{"value":"vscode.configuration-editing","_lower":"vscode.configuration-editing"},"activationEvent":"onLanguage:json"}
[2020-04-14 15:46:48.587] [exthost] [info] ExtensionService#loadCommonJSModule file:///c:/Users/hp/AppData/Local/Programs/Microsoft VS Code/resources/app/extensions/configuration-editing/dist/extension
[2020-04-14 15:46:48.637] [exthost] [info] ExtensionService#_doActivateExtension vscode.extension-editing {"startup":false,"extensionId":{"value":"vscode.extension-editing","_lower":"vscode.extension-editing"},"activationEvent":"onLanguage:json"}
[2020-04-14 15:46:48.637] [exthost] [info] ExtensionService#loadCommonJSModule file:///c:/Users/hp/AppData/Local/Programs/Microsoft VS Code/resources/app/extensions/extension-editing/dist/extension
[2020-04-14 15:46:48.711] [exthost] [info] ExtensionService#_doActivateExtension vscode.json-language-features {"startup":false,"extensionId":{"value":"vscode.json-language-features","_lower":"vscode.json-language-features"},"activationEvent":"onLanguage:json"}
[2020-04-14 15:46:48.711] [exthost] [info] ExtensionService#loadCommonJSModule file:///c:/Users/hp/AppData/Local/Programs/Microsoft VS Code/resources/app/extensions/json-language-features/client/dist/jsonMain
[2020-04-14 15:46:48.854] [exthost] [info] ExtensionService#_doActivateExtension vscode.css-language-features {"startup":false,"extensionId":{"value":"vscode.css-language-features","_lower":"vscode.css-language-features"},"activationEvent":"onLanguage:css"}
[2020-04-14 15:46:48.855] [exthost] [info] ExtensionService#loadCommonJSModule file:///c:/Users/hp/AppData/Local/Programs/Microsoft VS Code/resources/app/extensions/css-language-features/client/dist/cssMain
[2020-04-14 15:46:48.939] [exthost] [info] ExtensionService#_doActivateExtension vscode.typescript-language-features {"startup":false,"extensionId":{"value":"vscode.typescript-language-features","_lower":"vscode.typescript-language-features"},"activationEvent":"onLanguage:typescript"}
[2020-04-14 15:46:48.939] [exthost] [info] ExtensionService#loadCommonJSModule file:///c:/Users/hp/AppData/Local/Programs/Microsoft VS Code/resources/app/extensions/typescript-language-features/dist/extension
[2020-04-14 15:48:15.648] [exthost] [error] [vscode.typescript-language-features] provider FAILED
[2020-04-14 15:48:15.651] [exthost] [error] Error: busy
	at a._provideSemanticTokens (c:\Users\hp\AppData\Local\Programs\Microsoft VS Code\resources\app\extensions\typescript-language-features\dist\extension.js:1:183890)
[2020-04-14 16:24:25.457] [exthost] [info] extension host started
[2020-04-14 16:24:25.532] [exthost] [info] ExtensionService#_doActivateExtension vscode.emmet {"startup":false,"extensionId":{"value":"vscode.emmet","_lower":"vscode.emmet"},"activationEvent":"onLanguage:html"}
[2020-04-14 16:24:25.533] [exthost] [info] ExtensionService#loadCommonJSModule file:///c:/Users/hp/AppData/Local/Programs/Microsoft VS Code/resources/app/extensions/emmet/dist/extension
[2020-04-14 16:24:25.571] [exthost] [info] ExtensionService#_doActivateExtension vscode.html-language-features {"startup":false,"extensionId":{"value":"vscode.html-language-features","_lower":"vscode.html-language-features"},"activationEvent":"onLanguage:html"}
[2020-04-14 16:24:25.571] [exthost] [info] ExtensionService#loadCommonJSModule file:///c:/Users/hp/AppData/Local/Programs/Microsoft VS Code/resources/app/extensions/html-language-features/client/dist/htmlMain
[2020-04-14 16:24:25.673] [exthost] [info] ExtensionService#_doActivateExtension vscode.configuration-editing {"startup":false,"extensionId":{"value":"vscode.configuration-editing","_lower":"vscode.configuration-editing"},"activationEvent":"onLanguage:json"}
[2020-04-14 16:24:25.673] [exthost] [info] ExtensionService#loadCommonJSModule file:///c:/Users/hp/AppData/Local/Programs/Microsoft VS Code/resources/app/extensions/configuration-editing/dist/extension
[2020-04-14 16:24:25.704] [exthost] [info] ExtensionService#_doActivateExtension vscode.extension-editing {"startup":false,"extensionId":{"value":"vscode.extension-editing","_lower":"vscode.extension-editing"},"activationEvent":"onLanguage:json"}
[2020-04-14 16:24:25.705] [exthost] [info] ExtensionService#loadCommonJSModule file:///c:/Users/hp/AppData/Local/Programs/Microsoft VS Code/resources/app/extensions/extension-editing/dist/extension
[2020-04-14 16:24:25.760] [exthost] [info] ExtensionService#_doActivateExtension vscode.json-language-features {"startup":false,"extensionId":{"value":"vscode.json-language-features","_lower":"vscode.json-language-features"},"activationEvent":"onLanguage:json"}
[2020-04-14 16:24:25.760] [exthost] [info] ExtensionService#loadCommonJSModule file:///c:/Users/hp/AppData/Local/Programs/Microsoft VS Code/resources/app/extensions/json-language-features/client/dist/jsonMain
[2020-04-14 16:24:25.883] [exthost] [info] ExtensionService#_doActivateExtension vscode.npm {"startup":false,"extensionId":{"value":"vscode.npm","_lower":"vscode.npm"},"activationEvent":"onLanguage:json"}
[2020-04-14 16:24:25.884] [exthost] [info] ExtensionService#loadCommonJSModule file:///c:/Users/hp/AppData/Local/Programs/Microsoft VS Code/resources/app/extensions/npm/dist/main
[2020-04-14 16:24:25.921] [exthost] [info] ExtensionService#_doActivateExtension vscode.css-language-features {"startup":false,"extensionId":{"value":"vscode.css-language-features","_lower":"vscode.css-language-features"},"activationEvent":"onLanguage:css"}
[2020-04-14 16:24:25.922] [exthost] [info] ExtensionService#loadCommonJSModule file:///c:/Users/hp/AppData/Local/Programs/Microsoft VS Code/resources/app/extensions/css-language-features/client/dist/cssMain
[2020-04-14 16:24:25.977] [exthost] [info] ExtensionService#_doActivateExtension vscode.typescript-language-features {"startup":false,"extensionId":{"value":"vscode.typescript-language-features","_lower":"vscode.typescript-language-features"},"activationEvent":"onLanguage:typescript"}
[2020-04-14 16:24:25.977] [exthost] [info] ExtensionService#loadCommonJSModule file:///c:/Users/hp/AppData/Local/Programs/Microsoft VS Code/resources/app/extensions/typescript-language-features/dist/extension
[2020-04-14 16:24:26.087] [exthost] [info] ExtensionService#_doActivateExtension vscode.debug-auto-launch {"startup":true,"extensionId":{"value":"vscode.debug-auto-launch","_lower":"vscode.debug-auto-launch"},"activationEvent":"*"}
[2020-04-14 16:24:26.087] [exthost] [info] ExtensionService#loadCommonJSModule file:///c:/Users/hp/AppData/Local/Programs/Microsoft VS Code/resources/app/extensions/debug-auto-launch/dist/extension
[2020-04-14 16:24:26.099] [exthost] [info] ExtensionService#_doActivateExtension vscode.git {"startup":true,"extensionId":{"value":"vscode.git","_lower":"vscode.git"},"activationEvent":"*"}
[2020-04-14 16:24:26.100] [exthost] [info] ExtensionService#loadCommonJSModule file:///c:/Users/hp/AppData/Local/Programs/Microsoft VS Code/resources/app/extensions/git/dist/main
[2020-04-14 16:24:26.244] [exthost] [info] ExtensionService#_doActivateExtension vscode.github-authentication {"startup":true,"extensionId":{"value":"vscode.github-authentication","_lower":"vscode.github-authentication"},"activationEvent":"*"}
[2020-04-14 16:24:26.245] [exthost] [info] ExtensionService#loadCommonJSModule file:///c:/Users/hp/AppData/Local/Programs/Microsoft VS Code/resources/app/extensions/github-authentication/dist/extension.js
[2020-04-14 16:24:26.270] [exthost] [info] ExtensionService#_doActivateExtension vscode.merge-conflict {"startup":true,"extensionId":{"value":"vscode.merge-conflict","_lower":"vscode.merge-conflict"},"activationEvent":"*"}
[2020-04-14 16:24:26.270] [exthost] [info] ExtensionService#loadCommonJSModule file:///c:/Users/hp/AppData/Local/Programs/Microsoft VS Code/resources/app/extensions/merge-conflict/dist/extension
[2020-04-14 16:24:26.285] [exthost] [info] ExtensionService#_doActivateExtension vscode.search-result {"startup":true,"extensionId":{"value":"vscode.search-result","_lower":"vscode.search-result"},"activationEvent":"*"}
[2020-04-14 16:24:26.285] [exthost] [info] ExtensionService#loadCommonJSModule file:///c:/Users/hp/AppData/Local/Programs/Microsoft VS Code/resources/app/extensions/search-result/dist/extension.js
[2020-04-14 16:24:26.292] [exthost] [info] ExtensionService#_doActivateExtension vscode.vscode-account {"startup":true,"extensionId":{"value":"vscode.vscode-account","_lower":"vscode.vscode-account"},"activationEvent":"*"}
[2020-04-14 16:24:26.293] [exthost] [info] ExtensionService#loadCommonJSModule file:///c:/Users/hp/AppData/Local/Programs/Microsoft VS Code/resources/app/extensions/vscode-account/dist/extension.js
[2020-04-14 16:24:27.049] [exthost] [info] eager extensions activated
[2020-04-14 16:24:34.717] [exthost] [info] extension host started
[2020-04-14 16:24:34.859] [exthost] [info] ExtensionService#_doActivateExtension vscode.emmet {"startup":false,"extensionId":{"value":"vscode.emmet","_lower":"vscode.emmet"},"activationEvent":"onLanguage:html"}
[2020-04-14 16:24:34.862] [exthost] [info] ExtensionService#loadCommonJSModule file:///c:/Users/hp/AppData/Local/Programs/Microsoft VS Code/resources/app/extensions/emmet/dist/extension
[2020-04-14 16:24:34.920] [exthost] [info] ExtensionService#_doActivateExtension vscode.html-language-features {"startup":false,"extensionId":{"value":"vscode.html-language-features","_lower":"vscode.html-language-features"},"activationEvent":"onLanguage:html"}
[2020-04-14 16:24:34.921] [exthost] [info] ExtensionService#loadCommonJSModule file:///c:/Users/hp/AppData/Local/Programs/Microsoft VS Code/resources/app/extensions/html-language-features/client/dist/htmlMain
[2020-04-14 16:24:35.098] [exthost] [info] ExtensionService#_doActivateExtension vscode.configuration-editing {"startup":false,"extensionId":{"value":"vscode.configuration-editing","_lower":"vscode.configuration-editing"},"activationEvent":"onLanguage:json"}
[2020-04-14 16:24:35.099] [exthost] [info] ExtensionService#loadCommonJSModule file:///c:/Users/hp/AppData/Local/Programs/Microsoft VS Code/resources/app/extensions/configuration-editing/dist/extension
[2020-04-14 16:24:35.128] [exthost] [info] ExtensionService#_doActivateExtension vscode.extension-editing {"startup":false,"extensionId":{"value":"vscode.extension-editing","_lower":"vscode.extension-editing"},"activationEvent":"onLanguage:json"}
[2020-04-14 16:24:35.129] [exthost] [info] ExtensionService#loadCommonJSModule file:///c:/Users/hp/AppData/Local/Programs/Microsoft VS Code/resources/app/extensions/extension-editing/dist/extension
[2020-04-14 16:24:35.187] [exthost] [info] ExtensionService#_doActivateExtension vscode.json-language-features {"startup":false,"extensionId":{"value":"vscode.json-language-features","_lower":"vscode.json-language-features"},"activationEvent":"onLanguage:json"}
[2020-04-14 16:24:35.188] [exthost] [info] ExtensionService#loadCommonJSModule file:///c:/Users/hp/AppData/Local/Programs/Microsoft VS Code/resources/app/extensions/json-language-features/client/dist/jsonMain
[2020-04-14 16:24:35.313] [exthost] [info] ExtensionService#_doActivateExtension vscode.npm {"startup":false,"extensionId":{"value":"vscode.npm","_lower":"vscode.npm"},"activationEvent":"onLanguage:json"}
[2020-04-14 16:24:35.313] [exthost] [info] ExtensionService#loadCommonJSModule file:///c:/Users/hp/AppData/Local/Programs/Microsoft VS Code/resources/app/extensions/npm/dist/main
[2020-04-14 16:24:35.365] [exthost] [info] ExtensionService#_doActivateExtension vscode.css-language-features {"startup":false,"extensionId":{"value":"vscode.css-language-features","_lower":"vscode.css-language-features"},"activationEvent":"onLanguage:css"}
[2020-04-14 16:24:35.366] [exthost] [info] ExtensionService#loadCommonJSModule file:///c:/Users/hp/AppData/Local/Programs/Microsoft VS Code/resources/app/extensions/css-language-features/client/dist/cssMain
[2020-04-14 16:24:35.434] [exthost] [info] ExtensionService#_doActivateExtension vscode.typescript-language-features {"startup":false,"extensionId":{"value":"vscode.typescript-language-features","_lower":"vscode.typescript-language-features"},"activationEvent":"onLanguage:typescript"}
[2020-04-14 16:24:35.434] [exthost] [info] ExtensionService#loadCommonJSModule file:///c:/Users/hp/AppData/Local/Programs/Microsoft VS Code/resources/app/extensions/typescript-language-features/dist/extension
[2020-04-14 16:24:35.565] [exthost] [info] ExtensionService#_doActivateExtension vscode.debug-auto-launch {"startup":true,"extensionId":{"value":"vscode.debug-auto-launch","_lower":"vscode.debug-auto-launch"},"activationEvent":"*"}
[2020-04-14 16:24:35.565] [exthost] [info] ExtensionService#loadCommonJSModule file:///c:/Users/hp/AppData/Local/Programs/Microsoft VS Code/resources/app/extensions/debug-auto-launch/dist/extension
[2020-04-14 16:24:35.582] [exthost] [info] ExtensionService#_doActivateExtension vscode.git {"startup":true,"extensionId":{"value":"vscode.git","_lower":"vscode.git"},"activationEvent":"*"}
[2020-04-14 16:24:35.583] [exthost] [info] ExtensionService#loadCommonJSModule file:///c:/Users/hp/AppData/Local/Programs/Microsoft VS Code/resources/app/extensions/git/dist/main
[2020-04-14 16:24:35.790] [exthost] [info] ExtensionService#_doActivateExtension vscode.github-authentication {"startup":true,"extensionId":{"value":"vscode.github-authentication","_lower":"vscode.github-authentication"},"activationEvent":"*"}
[2020-04-14 16:24:35.790] [exthost] [info] ExtensionService#loadCommonJSModule file:///c:/Users/hp/AppData/Local/Programs/Microsoft VS Code/resources/app/extensions/github-authentication/dist/extension.js
[2020-04-14 16:24:35.819] [exthost] [info] ExtensionService#_doActivateExtension vscode.merge-conflict {"startup":true,"extensionId":{"value":"vscode.merge-conflict","_lower":"vscode.merge-conflict"},"activationEvent":"*"}
[2020-04-14 16:24:35.820] [exthost] [info] ExtensionService#loadCommonJSModule file:///c:/Users/hp/AppData/Local/Programs/Microsoft VS Code/resources/app/extensions/merge-conflict/dist/extension
[2020-04-14 16:24:35.834] [exthost] [info] ExtensionService#_doActivateExtension vscode.search-result {"startup":true,"extensionId":{"value":"vscode.search-result","_lower":"vscode.search-result"},"activationEvent":"*"}
[2020-04-14 16:24:35.835] [exthost] [info] ExtensionService#loadCommonJSModule file:///c:/Users/hp/AppData/Local/Programs/Microsoft VS Code/resources/app/extensions/search-result/dist/extension.js
[2020-04-14 16:24:35.842] [exthost] [info] ExtensionService#_doActivateExtension vscode.vscode-account {"startup":true,"extensionId":{"value":"vscode.vscode-account","_lower":"vscode.vscode-account"},"activationEvent":"*"}
[2020-04-14 16:24:35.842] [exthost] [info] ExtensionService#loadCommonJSModule file:///c:/Users/hp/AppData/Local/Programs/Microsoft VS Code/resources/app/extensions/vscode-account/dist/extension.js
[2020-04-14 16:24:35.879] [exthost] [info] eager extensions activated
