[2020-03-30][08:05:36][DEBUG][discord_dispatch::application_manager:191] App started. version="1.10.5"
[2020-03-30][08:05:36][DEBUG][discord_dispatch::application_manager:970] Searching for applications. install_path=AbsolutePath { path_buf: "C:\\Users\\hp\\AppData\\Local\\DiscordGames" }
[2020-03-30][08:05:36][WARN][discord_dispatch::application_manager:974] Failed to read install path. path=AbsolutePath { path_buf: "C:\\Users\\hp\\AppData\\Local\\DiscordGames" } error=Os { code: 3, kind: NotFound, message: "El sistema no puede encontrar la ruta especificada." }
[2020-03-30][08:05:37][DEBUG][discord_dispatch::application_manager:233] Resume requested.
[2020-03-31][07:51:01][DEBUG][discord_dispatch::application_manager:699] Updating credentials.
[2020-03-31][12:30:40][DEBUG][discord_dispatch::application_manager:699] Updating credentials.
[2020-03-31][20:00:57][DEBUG][discord_dispatch::application_manager:699] Updating credentials.
[2020-03-31][20:32:15][DEBUG][discord_dispatch::application_manager:699] Updating credentials.
[2020-04-06][07:58:02][DEBUG][discord_dispatch::application_manager:191] App started. version="1.10.5"
[2020-04-06][07:58:02][DEBUG][discord_dispatch::application_manager:970] Searching for applications. install_path=AbsolutePath { path_buf: "C:\\Users\\hp\\AppData\\Local\\DiscordGames" }
[2020-04-06][07:58:02][WARN][discord_dispatch::application_manager:974] Failed to read install path. path=AbsolutePath { path_buf: "C:\\Users\\hp\\AppData\\Local\\DiscordGames" } error=Os { code: 3, kind: NotFound, message: "El sistema no puede encontrar la ruta especificada." }
[2020-04-06][07:58:02][DEBUG][discord_dispatch::application_manager:233] Resume requested.
[2020-04-06][15:35:43][DEBUG][discord_dispatch::application_manager:699] Updating credentials.
[2020-04-07][08:06:01][DEBUG][discord_dispatch::application_manager:191] App started. version="1.10.5"
[2020-04-07][08:06:01][DEBUG][discord_dispatch::application_manager:970] Searching for applications. install_path=AbsolutePath { path_buf: "C:\\Users\\hp\\AppData\\Local\\DiscordGames" }
[2020-04-07][08:06:01][WARN][discord_dispatch::application_manager:974] Failed to read install path. path=AbsolutePath { path_buf: "C:\\Users\\hp\\AppData\\Local\\DiscordGames" } error=Os { code: 3, kind: NotFound, message: "El sistema no puede encontrar la ruta especificada." }
[2020-04-07][08:06:01][DEBUG][discord_dispatch::application_manager:233] Resume requested.
[2020-04-08][08:02:49][DEBUG][discord_dispatch::application_manager:699] Updating credentials.
[2020-04-08][09:10:27][DEBUG][discord_dispatch::application_manager:191] App started. version="1.10.5"
[2020-04-08][09:10:27][DEBUG][discord_dispatch::application_manager:970] Searching for applications. install_path=AbsolutePath { path_buf: "C:\\Users\\hp\\AppData\\Local\\DiscordGames" }
[2020-04-08][09:10:27][WARN][discord_dispatch::application_manager:974] Failed to read install path. path=AbsolutePath { path_buf: "C:\\Users\\hp\\AppData\\Local\\DiscordGames" } error=Os { code: 3, kind: NotFound, message: "El sistema no puede encontrar la ruta especificada." }
[2020-04-08][09:10:28][DEBUG][discord_dispatch::application_manager:233] Resume requested.
[2020-04-08][18:27:21][DEBUG][discord_dispatch::application_manager:699] Updating credentials.
[2020-04-09][10:06:05][DEBUG][discord_dispatch::application_manager:191] App started. version="1.10.5"
[2020-04-09][10:06:05][DEBUG][discord_dispatch::application_manager:970] Searching for applications. install_path=AbsolutePath { path_buf: "C:\\Users\\hp\\AppData\\Local\\DiscordGames" }
[2020-04-09][10:06:05][WARN][discord_dispatch::application_manager:974] Failed to read install path. path=AbsolutePath { path_buf: "C:\\Users\\hp\\AppData\\Local\\DiscordGames" } error=Os { code: 3, kind: NotFound, message: "El sistema no puede encontrar la ruta especificada." }
[2020-04-09][10:06:05][DEBUG][discord_dispatch::application_manager:233] Resume requested.
[2020-04-09][10:29:22][DEBUG][discord_dispatch::application_manager:191] App started. version="1.10.5"
[2020-04-09][10:29:22][DEBUG][discord_dispatch::application_manager:970] Searching for applications. install_path=AbsolutePath { path_buf: "C:\\Users\\hp\\AppData\\Local\\DiscordGames" }
[2020-04-09][10:29:22][WARN][discord_dispatch::application_manager:974] Failed to read install path. path=AbsolutePath { path_buf: "C:\\Users\\hp\\AppData\\Local\\DiscordGames" } error=Os { code: 3, kind: NotFound, message: "El sistema no puede encontrar la ruta especificada." }
[2020-04-09][10:29:22][DEBUG][discord_dispatch::application_manager:233] Resume requested.
[2020-04-09][10:56:09][DEBUG][discord_dispatch::application_manager:699] Updating credentials.
[2020-04-09][15:26:15][DEBUG][discord_dispatch::application_manager:699] Updating credentials.
[2020-04-09][17:41:06][DEBUG][discord_dispatch::application_manager:699] Updating credentials.
[2020-04-09][22:08:19][DEBUG][discord_dispatch::application_manager:699] Updating credentials.
[2020-04-13][08:04:32][DEBUG][discord_dispatch::application_manager:699] Updating credentials.
[2020-04-13][08:12:01][DEBUG][discord_dispatch::application_manager:191] App started. version="1.10.5"
[2020-04-13][08:12:01][DEBUG][discord_dispatch::application_manager:970] Searching for applications. install_path=AbsolutePath { path_buf: "C:\\Users\\hp\\AppData\\Local\\DiscordGames" }
[2020-04-13][08:12:01][WARN][discord_dispatch::application_manager:974] Failed to read install path. path=AbsolutePath { path_buf: "C:\\Users\\hp\\AppData\\Local\\DiscordGames" } error=Os { code: 3, kind: NotFound, message: "El sistema no puede encontrar la ruta especificada." }
[2020-04-13][08:12:08][DEBUG][discord_dispatch::application_manager:233] Resume requested.
[2020-04-13][15:57:49][DEBUG][discord_dispatch::application_manager:699] Updating credentials.
[2020-04-14][08:04:19][DEBUG][discord_dispatch::application_manager:699] Updating credentials.
[2020-04-14][15:45:10][DEBUG][discord_dispatch::application_manager:191] App started. version="1.10.5"
[2020-04-14][15:45:10][DEBUG][discord_dispatch::application_manager:970] Searching for applications. install_path=AbsolutePath { path_buf: "C:\\Users\\hp\\AppData\\Local\\DiscordGames" }
[2020-04-14][15:45:10][WARN][discord_dispatch::application_manager:974] Failed to read install path. path=AbsolutePath { path_buf: "C:\\Users\\hp\\AppData\\Local\\DiscordGames" } error=Os { code: 3, kind: NotFound, message: "El sistema no puede encontrar la ruta especificada." }
[2020-04-14][15:45:17][DEBUG][discord_dispatch::application_manager:233] Resume requested.
[2020-04-14][16:20:14][DEBUG][discord_dispatch::application_manager:699] Updating credentials.
[2020-04-15][08:29:58][DEBUG][discord_dispatch::application_manager:191] App started. version="1.10.5"
[2020-04-15][08:29:58][DEBUG][discord_dispatch::application_manager:970] Searching for applications. install_path=AbsolutePath { path_buf: "C:\\Users\\hp\\AppData\\Local\\DiscordGames" }
[2020-04-15][08:29:58][WARN][discord_dispatch::application_manager:974] Failed to read install path. path=AbsolutePath { path_buf: "C:\\Users\\hp\\AppData\\Local\\DiscordGames" } error=Os { code: 3, kind: NotFound, message: "El sistema no puede encontrar la ruta especificada." }
[2020-04-15][08:29:59][DEBUG][discord_dispatch::application_manager:233] Resume requested.
[2020-04-15][16:40:59][DEBUG][discord_dispatch::application_manager:699] Updating credentials.
[2020-04-15][17:52:14][DEBUG][discord_dispatch::application_manager:191] App started. version="1.10.5"
[2020-04-15][17:52:14][DEBUG][discord_dispatch::application_manager:970] Searching for applications. install_path=AbsolutePath { path_buf: "C:\\Users\\hp\\AppData\\Local\\DiscordGames" }
[2020-04-15][17:52:14][WARN][discord_dispatch::application_manager:974] Failed to read install path. path=AbsolutePath { path_buf: "C:\\Users\\hp\\AppData\\Local\\DiscordGames" } error=Os { code: 3, kind: NotFound, message: "El sistema no puede encontrar la ruta especificada." }
[2020-04-15][17:52:14][DEBUG][discord_dispatch::application_manager:233] Resume requested.
